[2018-03-13 17:42:26] INFO  o.s.c.a.AnnotationConfigApplicationContext - Refreshing org.springframework.context.annotation.AnnotationConfigApplicationContext@3c7f66c4: startup date [Tue Mar 13 17:42:26 CST 2018]; root of context hierarchy
[2018-03-13 17:42:27] INFO  org.hibernate.validator.internal.util.Version - HV000001: Hibernate Validator 5.3.5.Final
[2018-03-13 17:42:27] INFO  o.s.b.f.a.AutowiredAnnotationBeanPostProcessor - JSR-330 'javax.inject.Inject' annotation found and supported for autowiring
[2018-03-13 17:42:27] INFO  o.s.c.s.PostProcessorRegistrationDelegate$BeanPostProcessorChecker - Bean 'configurationPropertiesRebinderAutoConfiguration' of type [org.springframework.cloud.autoconfigure.ConfigurationPropertiesRebinderAutoConfiguration$$EnhancerBySpringCGLIB$$e3b04d1f] is not eligible for getting processed by all BeanPostProcessors (for example: not eligible for auto-proxying)
[2018-03-13 17:42:28] INFO  o.s.c.c.client.ConfigServicePropertySourceLocator - Fetching config from server at: http://127.0.0.1:7900/
[2018-03-13 17:42:28] INFO  o.s.c.c.client.ConfigServicePropertySourceLocator - Located environment: name=sv-data,comm, profiles=[default], label=null, version=null, state=null
[2018-03-13 17:42:28] INFO  o.s.c.b.c.PropertySourceBootstrapConfiguration - Located property source: CompositePropertySource [name='configService', propertySources=[MapPropertySource {name='file:D:/integrated/integrated/edu/confs/loc-prv/comm.yml'}, MapPropertySource {name='file:D:/integrated/integrated/edu/confs/loc-prv/sv-data.yml'}]]
[2018-03-13 17:42:28] INFO  com.integrated.edu.Application - No active profile set, falling back to default profiles: default
[2018-03-13 17:42:28] INFO  o.s.b.c.e.AnnotationConfigEmbeddedWebApplicationContext - Refreshing org.springframework.boot.context.embedded.AnnotationConfigEmbeddedWebApplicationContext@64beebb7: startup date [Tue Mar 13 17:42:28 CST 2018]; parent: org.springframework.context.annotation.AnnotationConfigApplicationContext@3c7f66c4
[2018-03-13 17:42:31] INFO  o.s.d.r.config.RepositoryConfigurationDelegate - Multiple Spring Data modules found, entering strict repository configuration mode!
[2018-03-13 17:42:32] INFO  o.springframework.cloud.context.scope.GenericScope - BeanFactory id=505f923d-603a-3ef1-8639-81ad59a5de84
[2018-03-13 17:42:32] INFO  o.s.b.f.a.AutowiredAnnotationBeanPostProcessor - JSR-330 'javax.inject.Inject' annotation found and supported for autowiring
[2018-03-13 17:42:32] INFO  o.s.c.s.PostProcessorRegistrationDelegate$BeanPostProcessorChecker - Bean 'com.integrated.edu.data.service.SaService' of type [org.springframework.cloud.netflix.feign.FeignClientFactoryBean] is not eligible for getting processed by all BeanPostProcessors (for example: not eligible for auto-proxying)
[2018-03-13 17:42:32] INFO  o.s.c.s.PostProcessorRegistrationDelegate$BeanPostProcessorChecker - Bean 'org.springframework.transaction.annotation.ProxyTransactionManagementConfiguration' of type [org.springframework.transaction.annotation.ProxyTransactionManagementConfiguration$$EnhancerBySpringCGLIB$$c7964a22] is not eligible for getting processed by all BeanPostProcessors (for example: not eligible for auto-proxying)
[2018-03-13 17:42:32] INFO  o.s.c.s.PostProcessorRegistrationDelegate$BeanPostProcessorChecker - Bean 'org.springframework.cloud.autoconfigure.ConfigurationPropertiesRebinderAutoConfiguration' of type [org.springframework.cloud.autoconfigure.ConfigurationPropertiesRebinderAutoConfiguration$$EnhancerBySpringCGLIB$$e3b04d1f] is not eligible for getting processed by all BeanPostProcessors (for example: not eligible for auto-proxying)
[2018-03-13 17:42:33] INFO  o.s.b.c.e.tomcat.TomcatEmbeddedServletContainer - Tomcat initialized with port(s): 8002 (http)
[2018-03-13 17:42:33] INFO  org.apache.catalina.core.StandardService - Starting service [Tomcat]
[2018-03-13 17:42:33] INFO  org.apache.catalina.core.StandardEngine - Starting Servlet Engine: Apache Tomcat/8.5.23
[2018-03-13 17:42:33] INFO  o.a.c.core.ContainerBase.[Tomcat].[localhost].[/] - Initializing Spring embedded WebApplicationContext
[2018-03-13 17:42:33] INFO  org.springframework.web.context.ContextLoader - Root WebApplicationContext: initialization completed in 5105 ms
[2018-03-13 17:42:33] INFO  o.s.boot.web.servlet.ServletRegistrationBean - Mapping servlet: 'statViewServlet' to [/druid/*]
[2018-03-13 17:42:33] INFO  o.s.boot.web.servlet.ServletRegistrationBean - Mapping servlet: 'dispatcherServlet' to [/]
[2018-03-13 17:42:33] INFO  o.s.boot.web.servlet.FilterRegistrationBean - Mapping filter: 'characterEncodingFilter' to: [/*]
[2018-03-13 17:42:33] INFO  o.s.boot.web.servlet.FilterRegistrationBean - Mapping filter: 'webStatFilter' to urls: [/*]
[2018-03-13 17:42:33] INFO  o.s.boot.web.servlet.FilterRegistrationBean - Mapping filter: 'SvMvcFilter' to urls: [/*]
[2018-03-13 17:42:34] INFO  com.integrated.edu.comm.restful.sv.SvMvcFilter - SvMvcFilter inited, debug is 'true'
[2018-03-13 17:42:34] INFO  com.integrated.comm.utils.ext.FileUtils - Load folder for '静态资源目录' is D:\integrated\integrated\edu\file\file_p
[2018-03-13 17:42:34] INFO  com.integrated.comm.utils.ext.FileUtils - Load folder for '公开文件目录' is D:\integrated\integrated\edu\file\file_u
[2018-03-13 17:42:34] INFO  com.integrated.comm.utils.ext.FileUtils - Load folder for '私有文件目录' is D:\integrated\integrated\edu\file\file_s
[2018-03-13 17:42:34] Redis >>> 192.168.1.25:6379 >> 6
[2018-03-13 17:42:34] 【广播服务】服务启动, ClientConfig [namesrvAddr=192.168.1.25:9876, clientIP=10.86.76.140, instanceName=sv-data, clientCallbackExecutorThreads=4, pollNameServerInterval=30000, heartbeatBrokerInterval=30000, persistConsumerOffsetInterval=5000, unitMode=false, unitName=null, vipChannelEnabled=true]
[2018-03-13 17:42:35] 【考勤广播服务】服务启动, ClientConfig [namesrvAddr=192.168.1.25:9876, clientIP=10.86.76.140, instanceName=sv-data, clientCallbackExecutorThreads=4, pollNameServerInterval=30000, heartbeatBrokerInterval=30000, persistConsumerOffsetInterval=5000, unitMode=false, unitName=null, vipChannelEnabled=true]
[2018-03-13 17:42:35] INFO  c.i.e.comm.cloud.schedule.impl.ScheduleServiceImpl - Cloud schedule active “10.86.76.140:sv-data”.
[2018-03-13 17:42:35] INFO  c.i.edu.comm.cloud.log.impl.LogServiceImpl - 日志服务启动.
[2018-03-13 17:42:36] INFO  com.integrated.comm.mybatis.SQLInterceptor - 初始化MyBatis拦截器并加载SQL打印服务：com.integrated.comm.mybatis.SQLPrinterDefaultImpl@4584304
[2018-03-13 17:42:36] INFO  o.s.c.a.AnnotationConfigApplicationContext - Refreshing org.springframework.context.annotation.AnnotationConfigApplicationContext@7d484fcd: startup date [Tue Mar 13 17:42:36 CST 2018]; parent: org.springframework.boot.context.embedded.AnnotationConfigEmbeddedWebApplicationContext@64beebb7
[2018-03-13 17:42:36] INFO  o.s.b.f.a.AutowiredAnnotationBeanPostProcessor - JSR-330 'javax.inject.Inject' annotation found and supported for autowiring
[2018-03-13 17:42:36] 【广播服务】订阅, topic:EDU-BC-IMP, tags:stu_imp || fam_upd, listener:SV-DATA, instance:10.86.76.140:8002
[2018-03-13 17:42:37] 【广播服务】订阅, topic:EDU-BC-SCH, tags:null, listener:SV-DATA, instance:null
[2018-03-13 17:42:38] INFO  o.s.w.s.m.m.a.RequestMappingHandlerMapping - Mapped "{[/error/404]}" onto public void com.integrated.edu.comm.restful.sv.SvMvcController.e404(javax.servlet.http.HttpServletRequest,javax.servlet.http.HttpServletResponse)
[2018-03-13 17:42:38] INFO  o.s.w.s.m.m.a.RequestMappingHandlerMapping - Mapped "{[/error/500]}" onto public void com.integrated.edu.comm.restful.sv.SvMvcController.e500(javax.servlet.http.HttpServletRequest,javax.servlet.http.HttpServletResponse)
[2018-03-13 17:42:38] INFO  o.s.w.s.m.m.a.RequestMappingHandlerMapping - Mapped "{[/error/403]}" onto public void com.integrated.edu.comm.restful.sv.SvMvcController.e403(javax.servlet.http.HttpServletRequest,javax.servlet.http.HttpServletResponse)
[2018-03-13 17:42:38] INFO  o.s.w.s.m.m.a.RequestMappingHandlerMapping - Mapped "{[/error/405]}" onto public void com.integrated.edu.comm.restful.sv.SvMvcController.e405(javax.servlet.http.HttpServletRequest,javax.servlet.http.HttpServletResponse)
[2018-03-13 17:42:38] INFO  o.s.w.s.m.m.a.RequestMappingHandlerMapping - Mapped "{[/error/400]}" onto public void com.integrated.edu.comm.restful.sv.SvMvcController.e400(javax.servlet.http.HttpServletRequest,javax.servlet.http.HttpServletResponse)
[2018-03-13 17:42:38] INFO  o.s.w.s.m.m.a.RequestMappingHandlerMapping - Mapped "{[/data/card/get],methods=[POST]}" onto public com.integrated.comm.restful.RestfulRes<com.integrated.edu.comm.data.Card> com.integrated.edu.data.web.CardController.get(com.integrated.edu.comm.Ui,java.lang.String,java.lang.String)
[2018-03-13 17:42:38] INFO  o.s.w.s.m.m.a.RequestMappingHandlerMapping - Mapped "{[/data/card/reissue_save],methods=[POST]}" onto public com.integrated.comm.restful.RestfulRes<java.lang.Object> com.integrated.edu.data.web.CardController.reissueSave(com.integrated.edu.comm.Ui,com.integrated.edu.comm.data.Card,java.lang.String,java.lang.String,java.lang.String)
[2018-03-13 17:42:38] INFO  o.s.w.s.m.m.a.RequestMappingHandlerMapping - Mapped "{[/data/card/rec_paging],methods=[POST]}" onto public com.integrated.comm.restful.RestfulRes<com.integrated.comm.mybatis.Paging> com.integrated.edu.data.web.CardController.recPaging(javax.servlet.http.HttpServletRequest,com.integrated.edu.comm.Ui,java.lang.String,java.lang.String,java.lang.String,java.lang.String,java.lang.String,java.lang.String)
[2018-03-13 17:42:38] INFO  o.s.w.s.m.m.a.RequestMappingHandlerMapping - Mapped "{[/data/card/loss_save],methods=[POST]}" onto public com.integrated.comm.restful.RestfulRes<java.lang.Object> com.integrated.edu.data.web.CardController.lossSave(com.integrated.edu.comm.Ui,com.integrated.edu.comm.data.Card)
[2018-03-13 17:42:38] INFO  o.s.w.s.m.m.a.RequestMappingHandlerMapping - Mapped "{[/data/sch/cla_get],methods=[POST]}" onto public com.integrated.comm.restful.RestfulRes<com.integrated.edu.comm.data.Classes> com.integrated.edu.data.web.SchoolController.claGet(com.integrated.edu.comm.Ui,java.lang.String,java.lang.String)
[2018-03-13 17:42:38] INFO  o.s.w.s.m.m.a.RequestMappingHandlerMapping - Mapped "{[/data/sch/sch_get],methods=[POST]}" onto public com.integrated.comm.restful.RestfulRes<com.integrated.edu.comm.data.School> com.integrated.edu.data.web.SchoolController.schGet(com.integrated.edu.comm.Ui,java.lang.String,java.lang.String)
[2018-03-13 17:42:38] INFO  o.s.w.s.m.m.a.RequestMappingHandlerMapping - Mapped "{[/data/sch/sch_del],methods=[POST]}" onto public com.integrated.comm.restful.RestfulRes<java.lang.Boolean> com.integrated.edu.data.web.SchoolController.schDel(com.integrated.edu.comm.Ui,java.lang.String,java.lang.String)
[2018-03-13 17:42:38] INFO  o.s.w.s.m.m.a.RequestMappingHandlerMapping - Mapped "{[/data/sch/cla_del],methods=[POST]}" onto public com.integrated.comm.restful.RestfulRes<java.lang.Boolean> com.integrated.edu.data.web.SchoolController.claDel(com.integrated.edu.comm.Ui,java.lang.String,java.lang.String)
[2018-03-13 17:42:38] INFO  o.s.w.s.m.m.a.RequestMappingHandlerMapping - Mapped "{[/data/sch/sch_upd],methods=[POST]}" onto public com.integrated.comm.restful.RestfulRes<java.lang.Boolean> com.integrated.edu.data.web.SchoolController.schUpd(com.integrated.edu.comm.Ui,com.integrated.edu.comm.data.School)
[2018-03-13 17:42:38] INFO  o.s.w.s.m.m.a.RequestMappingHandlerMapping - Mapped "{[/data/sch/sch_list],methods=[POST]}" onto public com.integrated.comm.restful.RestfulRes<java.util.List<com.integrated.edu.comm.data.dto.SchoolDTO>> com.integrated.edu.data.web.SchoolController.schList(com.integrated.edu.comm.Ui,java.lang.String,java.lang.String,java.lang.String,java.lang.String)
[2018-03-13 17:42:38] INFO  o.s.w.s.m.m.a.RequestMappingHandlerMapping - Mapped "{[/data/sch/sch_add],methods=[POST]}" onto public com.integrated.comm.restful.RestfulRes<java.lang.Boolean> com.integrated.edu.data.web.SchoolController.schAdd(com.integrated.edu.comm.Ui,com.integrated.edu.comm.data.School)
[2018-03-13 17:42:38] INFO  o.s.w.s.m.m.a.RequestMappingHandlerMapping - Mapped "{[/data/sch/sch_func_bind],methods=[POST]}" onto public com.integrated.comm.restful.RestfulRes<java.lang.Boolean> com.integrated.edu.data.web.SchoolController.schFuncBind(javax.servlet.http.HttpServletRequest,com.integrated.edu.comm.Ui,java.lang.String,java.lang.String,java.lang.String)
[2018-03-13 17:42:38] INFO  o.s.w.s.m.m.a.RequestMappingHandlerMapping - Mapped "{[/data/sch/cla_tch_get],methods=[POST]}" onto public com.integrated.comm.restful.RestfulRes<java.util.List<com.integrated.edu.comm.data.ClassesTeacher>> com.integrated.edu.data.web.SchoolController.claTchGet(javax.servlet.http.HttpServletRequest,com.integrated.edu.comm.Ui,java.lang.String,java.lang.String)
[2018-03-13 17:42:38] INFO  o.s.w.s.m.m.a.RequestMappingHandlerMapping - Mapped "{[/data/sch/grd_upd],methods=[POST]}" onto public com.integrated.comm.restful.RestfulRes<java.lang.Boolean> com.integrated.edu.data.web.SchoolController.grdUpd(com.integrated.edu.comm.Ui,com.integrated.edu.comm.data.Grade)
[2018-03-13 17:42:38] INFO  o.s.w.s.m.m.a.RequestMappingHandlerMapping - Mapped "{[/data/sch/room_list],methods=[POST]}" onto public com.integrated.comm.restful.RestfulRes<java.util.List<com.integrated.edu.comm.data.BuildingRoom>> com.integrated.edu.data.web.SchoolController.roomList(javax.servlet.http.HttpServletRequest,com.integrated.edu.comm.Ui,com.integrated.edu.comm.data.BuildingRoom)
[2018-03-13 17:42:38] INFO  o.s.w.s.m.m.a.RequestMappingHandlerMapping - Mapped "{[/data/sch/grd_del],methods=[POST]}" onto public com.integrated.comm.restful.RestfulRes<java.lang.Boolean> com.integrated.edu.data.web.SchoolController.grdDel(com.integrated.edu.comm.Ui,java.lang.String,java.lang.String)
[2018-03-13 17:42:38] INFO  o.s.w.s.m.m.a.RequestMappingHandlerMapping - Mapped "{[/data/sch/sch_hids_by_said],methods=[POST]}" onto public com.integrated.comm.restful.RestfulRes<java.lang.String> com.integrated.edu.data.web.SchoolController.schHidsBySaId(java.lang.String)
[2018-03-13 17:42:38] INFO  o.s.w.s.m.m.a.RequestMappingHandlerMapping - Mapped "{[/data/sch/cla_tch_bind],methods=[POST]}" onto public com.integrated.comm.restful.RestfulRes<java.lang.Boolean> com.integrated.edu.data.web.SchoolController.claTchBind(com.integrated.edu.comm.Ui,java.lang.String,java.lang.String,java.lang.String,java.lang.String)
[2018-03-13 17:42:38] INFO  o.s.w.s.m.m.a.RequestMappingHandlerMapping - Mapped "{[/data/sch/cla_add],methods=[POST]}" onto public com.integrated.comm.restful.RestfulRes<java.lang.Boolean> com.integrated.edu.data.web.SchoolController.claAdd(com.integrated.edu.comm.Ui,com.integrated.edu.comm.data.Classes)
[2018-03-13 17:42:38] INFO  o.s.w.s.m.m.a.RequestMappingHandlerMapping - Mapped "{[/data/sch/sch_paging],methods=[POST]}" onto public com.integrated.comm.restful.RestfulRes<com.integrated.comm.mybatis.Paging> com.integrated.edu.data.web.SchoolController.schPaging(javax.servlet.http.HttpServletRequest,com.integrated.edu.comm.Ui,java.lang.String,java.lang.String,java.lang.String,java.lang.String,java.lang.String)
[2018-03-13 17:42:38] INFO  o.s.w.s.m.m.a.RequestMappingHandlerMapping - Mapped "{[/data/sch/cla_batch_add_save],methods=[POST]}" onto public com.integrated.comm.restful.RestfulRes<java.lang.Boolean> com.integrated.edu.data.web.SchoolController.claBatchAddSave(com.integrated.edu.comm.Ui,java.lang.String)
[2018-03-13 17:42:38] INFO  o.s.w.s.m.m.a.RequestMappingHandlerMapping - Mapped "{[/data/sch/grd_list],methods=[POST]}" onto public com.integrated.comm.restful.RestfulRes<java.util.List<com.integrated.edu.comm.data.Grade>> com.integrated.edu.data.web.SchoolController.grdList(com.integrated.edu.comm.Ui,java.lang.String,java.lang.Boolean)
[2018-03-13 17:42:38] INFO  o.s.w.s.m.m.a.RequestMappingHandlerMapping - Mapped "{[/data/sch/cla_batch_add_list],methods=[POST]}" onto public com.integrated.comm.restful.RestfulRes<java.util.List<com.integrated.edu.comm.data.dto.GradeDTO>> com.integrated.edu.data.web.SchoolController.claBatchAddList(com.integrated.edu.comm.Ui,java.lang.String)
[2018-03-13 17:42:38] INFO  o.s.w.s.m.m.a.RequestMappingHandlerMapping - Mapped "{[/data/sch/room_paging],methods=[POST]}" onto public com.integrated.comm.restful.RestfulRes<com.integrated.comm.mybatis.Paging> com.integrated.edu.data.web.SchoolController.roomPaging(javax.servlet.http.HttpServletRequest,com.integrated.edu.comm.Ui,java.lang.String,java.lang.String,java.lang.String,java.lang.String,java.lang.String)
[2018-03-13 17:42:38] INFO  o.s.w.s.m.m.a.RequestMappingHandlerMapping - Mapped "{[/data/sch/cla_paging],methods=[POST]}" onto public com.integrated.comm.restful.RestfulRes<com.integrated.comm.mybatis.Paging> com.integrated.edu.data.web.SchoolController.claPaging(javax.servlet.http.HttpServletRequest,com.integrated.edu.comm.Ui,java.lang.String,java.lang.String,java.lang.String,java.lang.String)
[2018-03-13 17:42:38] INFO  o.s.w.s.m.m.a.RequestMappingHandlerMapping - Mapped "{[/data/sch/grd_get],methods=[POST]}" onto public com.integrated.comm.restful.RestfulRes<com.integrated.edu.comm.data.Grade> com.integrated.edu.data.web.SchoolController.grdGet(com.integrated.edu.comm.Ui,java.lang.String,java.lang.String)
[2018-03-13 17:42:38] INFO  o.s.w.s.m.m.a.RequestMappingHandlerMapping - Mapped "{[/data/sch/grd_add],methods=[POST]}" onto public com.integrated.comm.restful.RestfulRes<java.lang.Boolean> com.integrated.edu.data.web.SchoolController.grdAdd(com.integrated.edu.comm.Ui,com.integrated.edu.comm.data.Grade)
[2018-03-13 17:42:38] INFO  o.s.w.s.m.m.a.RequestMappingHandlerMapping - Mapped "{[/data/sch/grd_up],methods=[POST]}" onto public com.integrated.comm.restful.RestfulRes<java.lang.Boolean> com.integrated.edu.data.web.SchoolController.grdUp(com.integrated.edu.comm.Ui,java.lang.String,java.lang.String,java.lang.String,java.lang.Integer,boolean)
[2018-03-13 17:42:38] INFO  o.s.w.s.m.m.a.RequestMappingHandlerMapping - Mapped "{[/data/sch/sch_list_by_su],methods=[POST]}" onto public com.integrated.comm.restful.RestfulRes<java.util.List<com.integrated.edu.comm.data.dto.SchoolDTO>> com.integrated.edu.data.web.SchoolController.schListBySaUser(com.integrated.edu.comm.Ui,java.lang.String,java.lang.String,java.lang.String)
[2018-03-13 17:42:38] INFO  o.s.w.s.m.m.a.RequestMappingHandlerMapping - Mapped "{[/data/sch/cla_list],methods=[POST]}" onto public com.integrated.comm.restful.RestfulRes<java.util.List<com.integrated.edu.comm.data.Classes>> com.integrated.edu.data.web.SchoolController.clasByGid(com.integrated.edu.comm.Ui,java.lang.String,java.lang.String)
[2018-03-13 17:42:38] INFO  o.s.w.s.m.m.a.RequestMappingHandlerMapping - Mapped "{[/data/sch/cla_upd],methods=[POST]}" onto public com.integrated.comm.restful.RestfulRes<java.lang.Boolean> com.integrated.edu.data.web.SchoolController.claUpd(com.integrated.edu.comm.Ui,com.integrated.edu.comm.data.Classes)
[2018-03-13 17:42:38] INFO  o.s.w.s.m.m.a.RequestMappingHandlerMapping - Mapped "{[/data/sch/grd_batch_up],methods=[POST]}" onto public com.integrated.comm.restful.RestfulRes<java.lang.Boolean> com.integrated.edu.data.web.SchoolController.grdBatchUp(com.integrated.edu.comm.Ui,java.lang.String,java.lang.String)
[2018-03-13 17:42:38] INFO  o.s.w.s.m.m.a.RequestMappingHandlerMapping - Mapped "{[/data/stu/fam_del],methods=[POST]}" onto public com.integrated.comm.restful.RestfulRes<java.lang.Boolean> com.integrated.edu.data.web.StudentController.famDel(com.integrated.edu.comm.Ui,java.lang.String,java.lang.String)
[2018-03-13 17:42:38] INFO  o.s.w.s.m.m.a.RequestMappingHandlerMapping - Mapped "{[/data/stu/stu_list],methods=[POST]}" onto public com.integrated.comm.restful.RestfulRes<java.util.List<com.integrated.edu.comm.data.Student>> com.integrated.edu.data.web.StudentController.stuList(com.integrated.edu.comm.Ui,java.lang.String,java.lang.String,java.lang.String,java.lang.String)
[2018-03-13 17:42:38] INFO  o.s.w.s.m.m.a.RequestMappingHandlerMapping - Mapped "{[/data/stu/stu_get],methods=[POST]}" onto public com.integrated.comm.restful.RestfulRes<com.integrated.edu.comm.data.Student> com.integrated.edu.data.web.StudentController.stuGet(com.integrated.edu.comm.Ui,java.lang.String,java.lang.String)
[2018-03-13 17:42:38] INFO  o.s.w.s.m.m.a.RequestMappingHandlerMapping - Mapped "{[/data/stu/stu_del],methods=[POST]}" onto public com.integrated.comm.restful.RestfulRes<java.lang.Boolean> com.integrated.edu.data.web.StudentController.stuDel(com.integrated.edu.comm.Ui,java.lang.String,java.lang.String)
[2018-03-13 17:42:38] INFO  o.s.w.s.m.m.a.RequestMappingHandlerMapping - Mapped "{[/data/stu/fam_get],methods=[POST]}" onto public com.integrated.comm.restful.RestfulRes<com.integrated.edu.comm.data.Family> com.integrated.edu.data.web.StudentController.famGet(com.integrated.edu.comm.Ui,java.lang.String,java.lang.String)
[2018-03-13 17:42:38] INFO  o.s.w.s.m.m.a.RequestMappingHandlerMapping - Mapped "{[/data/stu/stu_add],methods=[POST]}" onto public com.integrated.comm.restful.RestfulRes<java.lang.String> com.integrated.edu.data.web.StudentController.stuAdd(com.integrated.edu.comm.Ui,com.integrated.edu.comm.data.Student,java.lang.String)
[2018-03-13 17:42:38] INFO  o.s.w.s.m.m.a.RequestMappingHandlerMapping - Mapped "{[/data/stu/stu_paging],methods=[POST]}" onto public com.integrated.comm.restful.RestfulRes<com.integrated.comm.mybatis.Paging> com.integrated.edu.data.web.StudentController.stuPaging(javax.servlet.http.HttpServletRequest,com.integrated.edu.comm.Ui,java.lang.String,java.lang.String,java.lang.String,java.lang.String,java.lang.String)
[2018-03-13 17:42:38] INFO  o.s.w.s.m.m.a.RequestMappingHandlerMapping - Mapped "{[/data/stu/fam_paging],methods=[POST]}" onto public com.integrated.comm.restful.RestfulRes<com.integrated.comm.mybatis.Paging> com.integrated.edu.data.web.StudentController.famPaging(javax.servlet.http.HttpServletRequest,com.integrated.edu.comm.Ui,java.lang.String,java.lang.String,java.lang.String,java.lang.String,java.lang.String)
[2018-03-13 17:42:38] INFO  o.s.w.s.m.m.a.RequestMappingHandlerMapping - Mapped "{[/data/stu/stu_upd],methods=[POST]}" onto public com.integrated.comm.restful.RestfulRes<java.lang.String> com.integrated.edu.data.web.StudentController.stuUpd(com.integrated.edu.comm.Ui,com.integrated.edu.comm.data.Student,java.lang.String)
[2018-03-13 17:42:38] INFO  o.s.w.s.m.m.a.RequestMappingHandlerMapping - Mapped "{[/data/stu/fam_add],methods=[POST]}" onto public com.integrated.comm.restful.RestfulRes<java.lang.Boolean> com.integrated.edu.data.web.StudentController.famAdd(com.integrated.edu.comm.Ui,com.integrated.edu.comm.data.Family)
[2018-03-13 17:42:38] INFO  o.s.w.s.m.m.a.RequestMappingHandlerMapping - Mapped "{[/data/stu/fam_list],methods=[POST]}" onto public com.integrated.comm.restful.RestfulRes<java.util.List<com.integrated.edu.comm.data.Family>> com.integrated.edu.data.web.StudentController.famList(com.integrated.edu.comm.Ui,java.lang.String,java.lang.String,java.lang.String,java.lang.String)
[2018-03-13 17:42:38] INFO  o.s.w.s.m.m.a.RequestMappingHandlerMapping - Mapped "{[/data/stu/fam_upd],methods=[POST]}" onto public com.integrated.comm.restful.RestfulRes<java.lang.Boolean> com.integrated.edu.data.web.StudentController.famUpd(com.integrated.edu.comm.Ui,com.integrated.edu.comm.data.Family)
[2018-03-13 17:42:38] INFO  o.s.w.s.m.m.a.RequestMappingHandlerMapping - Mapped "{[/data/stu/fam_list_by_sid],methods=[POST]}" onto public com.integrated.comm.restful.RestfulRes<java.util.List<com.integrated.edu.comm.data.Family>> com.integrated.edu.data.web.StudentController.famsBySid(com.integrated.edu.comm.Ui,java.lang.String,java.lang.String)
[2018-03-13 17:42:38] INFO  o.s.w.s.m.m.a.RequestMappingHandlerMapping - Mapped "{[/data/tch/add],methods=[POST]}" onto public com.integrated.comm.restful.RestfulRes<java.lang.Boolean> com.integrated.edu.data.web.TeacherController.add(com.integrated.edu.comm.Ui,com.integrated.edu.comm.data.Teacher)
[2018-03-13 17:42:38] INFO  o.s.w.s.m.m.a.RequestMappingHandlerMapping - Mapped "{[/data/tch/get],methods=[POST]}" onto public com.integrated.comm.restful.RestfulRes<com.integrated.edu.comm.data.Teacher> com.integrated.edu.data.web.TeacherController.get(com.integrated.edu.comm.Ui,java.lang.String,java.lang.String)
[2018-03-13 17:42:38] INFO  o.s.w.s.m.m.a.RequestMappingHandlerMapping - Mapped "{[/data/tch/list],methods=[POST]}" onto public com.integrated.comm.restful.RestfulRes<java.util.List<com.integrated.edu.comm.data.Teacher>> com.integrated.edu.data.web.TeacherController.list(com.integrated.edu.comm.Ui,java.lang.String)
[2018-03-13 17:42:38] INFO  o.s.w.s.m.m.a.RequestMappingHandlerMapping - Mapped "{[/data/tch/paging],methods=[POST]}" onto public com.integrated.comm.restful.RestfulRes<com.integrated.comm.mybatis.Paging> com.integrated.edu.data.web.TeacherController.paging(javax.servlet.http.HttpServletRequest,java.lang.String,java.lang.String,java.lang.String,java.lang.String,java.lang.String,java.lang.String)
[2018-03-13 17:42:38] INFO  o.s.w.s.m.m.a.RequestMappingHandlerMapping - Mapped "{[/data/tch/upd],methods=[POST]}" onto public com.integrated.comm.restful.RestfulRes<java.lang.Boolean> com.integrated.edu.data.web.TeacherController.upd(com.integrated.edu.comm.Ui,com.integrated.edu.comm.data.Teacher)
[2018-03-13 17:42:38] INFO  o.s.w.s.m.m.a.RequestMappingHandlerMapping - Mapped "{[/data/tch/del],methods=[POST]}" onto public com.integrated.comm.restful.RestfulRes<java.lang.Boolean> com.integrated.edu.data.web.TeacherController.del(com.integrated.edu.comm.Ui,java.lang.String,java.lang.String)
[2018-03-13 17:42:38] INFO  o.s.w.s.m.m.a.RequestMappingHandlerMapping - Mapped "{[/data/tch/get_by_phone],methods=[POST]}" onto public com.integrated.comm.restful.RestfulRes<com.integrated.edu.comm.data.Teacher> com.integrated.edu.data.web.TeacherController.getByPhone(com.integrated.edu.comm.Ui,java.lang.String,java.lang.String)
[2018-03-13 17:42:38] INFO  o.s.w.s.m.m.a.RequestMappingHandlerMapping - Mapped "{[/dev/app/add],methods=[POST]}" onto public com.integrated.comm.restful.RestfulRes<java.lang.Boolean> com.integrated.edu.device.web.AppController.add(com.integrated.edu.comm.Ui,com.integrated.edu.device.App)
[2018-03-13 17:42:38] INFO  o.s.w.s.m.m.a.RequestMappingHandlerMapping - Mapped "{[/dev/app/get],methods=[POST]}" onto public com.integrated.comm.restful.RestfulRes<com.integrated.edu.device.App> com.integrated.edu.device.web.AppController.get(com.integrated.edu.comm.Ui,java.lang.String)
[2018-03-13 17:42:38] INFO  o.s.w.s.m.m.a.RequestMappingHandlerMapping - Mapped "{[/dev/app/list],methods=[POST]}" onto public com.integrated.comm.restful.RestfulRes<java.util.List<com.integrated.edu.device.App>> com.integrated.edu.device.web.AppController.list(com.integrated.edu.comm.Ui)
[2018-03-13 17:42:38] INFO  o.s.w.s.m.m.a.RequestMappingHandlerMapping - Mapped "{[/dev/app/list_type],methods=[POST]}" onto public com.integrated.comm.restful.RestfulRes<java.util.List<java.lang.String>> com.integrated.edu.device.web.AppController.listType(com.integrated.edu.comm.Ui)
[2018-03-13 17:42:38] INFO  o.s.w.s.m.m.a.RequestMappingHandlerMapping - Mapped "{[/dev/app/paging],methods=[POST]}" onto public com.integrated.comm.restful.RestfulRes<com.integrated.comm.mybatis.Paging> com.integrated.edu.device.web.AppController.paging(javax.servlet.http.HttpServletRequest,java.lang.String,java.lang.String,java.lang.String,java.lang.String,java.lang.String,java.lang.String)
[2018-03-13 17:42:38] INFO  o.s.w.s.m.m.a.RequestMappingHandlerMapping - Mapped "{[/dev/app/del],methods=[POST]}" onto public com.integrated.comm.restful.RestfulRes<java.lang.Boolean> com.integrated.edu.device.web.AppController.del(com.integrated.edu.comm.Ui,java.lang.String)
[2018-03-13 17:42:38] INFO  o.s.w.s.m.m.a.RequestMappingHandlerMapping - Mapped "{[/dev/app/get_latest_ver],methods=[POST]}" onto public com.integrated.comm.restful.RestfulRes<com.integrated.edu.device.App> com.integrated.edu.device.web.AppController.getLastestVer(com.integrated.edu.comm.Ui,java.lang.String,java.lang.String,java.lang.String)
[2018-03-13 17:42:38] INFO  o.s.w.s.m.m.a.RequestMappingHandlerMapping - Mapped "{[/dev/api_bcs],methods=[POST]}" onto public com.integrated.comm.restful.RestfulRes<java.lang.Boolean> com.integrated.edu.device.web.DeviceController.apiBcs(com.integrated.edu.comm.Ui)
[2018-03-13 17:42:38] INFO  o.s.w.s.m.m.a.RequestMappingHandlerMapping - Mapped "{[/dev/dev_add_hpad],methods=[POST]}" onto public com.integrated.comm.restful.RestfulRes<java.lang.Boolean> com.integrated.edu.device.web.DeviceController.devAddHpad(com.integrated.edu.comm.Ui,com.integrated.edu.device.DeviceHpad)
[2018-03-13 17:42:38] INFO  o.s.w.s.m.m.a.RequestMappingHandlerMapping - Mapped "{[/dev/dev_upd_comm],methods=[POST]}" onto public com.integrated.comm.restful.RestfulRes<java.lang.Boolean> com.integrated.edu.device.web.DeviceController.devUpdComm(com.integrated.edu.comm.Ui,java.lang.String,java.lang.String,com.integrated.edu.device.OlState,java.lang.String,java.lang.String,java.lang.String)
[2018-03-13 17:42:38] INFO  o.s.w.s.m.m.a.RequestMappingHandlerMapping - Mapped "{[/dev/dev_upd_cpad],methods=[POST]}" onto public com.integrated.comm.restful.RestfulRes<java.lang.Boolean> com.integrated.edu.device.web.DeviceController.devUpdCpad(com.integrated.edu.comm.Ui,com.integrated.edu.device.DeviceCpad)
[2018-03-13 17:42:38] INFO  o.s.w.s.m.m.a.RequestMappingHandlerMapping - Mapped "{[/dev/dev_add],methods=[POST]}" onto public com.integrated.comm.restful.RestfulRes<java.lang.Boolean> com.integrated.edu.device.web.DeviceController.devAdd(com.integrated.edu.comm.Ui,com.integrated.edu.device.Device)
[2018-03-13 17:42:38] INFO  o.s.w.s.m.m.a.RequestMappingHandlerMapping - Mapped "{[/dev/dev_upd],methods=[POST]}" onto public com.integrated.comm.restful.RestfulRes<java.lang.Boolean> com.integrated.edu.device.web.DeviceController.devUpd(com.integrated.edu.comm.Ui,com.integrated.edu.device.Device)
[2018-03-13 17:42:38] INFO  o.s.w.s.m.m.a.RequestMappingHandlerMapping - Mapped "{[/dev/dev_upd_hpad],methods=[POST]}" onto public com.integrated.comm.restful.RestfulRes<java.lang.Boolean> com.integrated.edu.device.web.DeviceController.devUpdHpad(com.integrated.edu.comm.Ui,com.integrated.edu.device.DeviceHpad)
[2018-03-13 17:42:38] INFO  o.s.w.s.m.m.a.RequestMappingHandlerMapping - Mapped "{[/dev/dev_del],methods=[POST]}" onto public com.integrated.comm.restful.RestfulRes<java.lang.Boolean> com.integrated.edu.device.web.DeviceController.devDel(com.integrated.edu.comm.Ui,java.lang.String,java.lang.String)
[2018-03-13 17:42:38] INFO  o.s.w.s.m.m.a.RequestMappingHandlerMapping - Mapped "{[/dev/dev_add_cpad],methods=[POST]}" onto public com.integrated.comm.restful.RestfulRes<java.lang.Boolean> com.integrated.edu.device.web.DeviceController.devAddCpad(com.integrated.edu.comm.Ui,com.integrated.edu.device.DeviceCpad)
[2018-03-13 17:42:38] INFO  o.s.w.s.m.m.a.RequestMappingHandlerMapping - Mapped "{[/dev/dev_del_batch],methods=[POST]}" onto public com.integrated.comm.restful.RestfulRes<java.lang.Boolean> com.integrated.edu.device.web.DeviceController.devDelBatch(com.integrated.edu.comm.Ui,java.lang.String,java.lang.String,com.integrated.edu.device.DeviceType)
[2018-03-13 17:42:38] INFO  o.s.w.s.m.m.a.RequestMappingHandlerMapping - Mapped "{[/dev/dev_get_cpad],methods=[POST]}" onto public com.integrated.comm.restful.RestfulRes<com.integrated.edu.device.DeviceCpad> com.integrated.edu.device.web.DeviceController.devGetCpad(com.integrated.edu.comm.Ui,java.lang.String,java.lang.String)
[2018-03-13 17:42:38] INFO  o.s.w.s.m.m.a.RequestMappingHandlerMapping - Mapped "{[/dev/dev_using],methods=[POST]}" onto public com.integrated.comm.restful.RestfulRes<java.lang.Boolean> com.integrated.edu.device.web.DeviceController.devUsing(com.integrated.edu.comm.Ui,java.lang.String,java.lang.String)
[2018-03-13 17:42:38] INFO  o.s.w.s.m.m.a.RequestMappingHandlerMapping - Mapped "{[/dev/supplier_add],methods=[POST]}" onto public com.integrated.comm.restful.RestfulRes<java.lang.Boolean> com.integrated.edu.device.web.DeviceController.supAdd(com.integrated.edu.comm.Ui,com.integrated.edu.device.DeviceSupplier)
[2018-03-13 17:42:38] INFO  o.s.w.s.m.m.a.RequestMappingHandlerMapping - Mapped "{[/dev/dev_mana_save],methods=[POST]}" onto public com.integrated.comm.restful.RestfulRes<java.lang.Boolean> com.integrated.edu.device.web.DeviceController.devManaSave(com.integrated.edu.comm.Ui,com.integrated.edu.device.DeviceMana)
[2018-03-13 17:42:38] INFO  o.s.w.s.m.m.a.RequestMappingHandlerMapping - Mapped "{[/dev/dev_paging_hpad],methods=[POST]}" onto public com.integrated.comm.restful.RestfulRes<com.integrated.comm.mybatis.Paging> com.integrated.edu.device.web.DeviceController.devPagingHpad(javax.servlet.http.HttpServletRequest,com.integrated.edu.comm.Ui,java.lang.String,com.integrated.edu.device.DeviceType,java.lang.String,com.integrated.edu.device.OlState,java.lang.String,java.lang.String)
[2018-03-13 17:42:38] INFO  o.s.w.s.m.m.a.RequestMappingHandlerMapping - Mapped "{[/dev/api_del],methods=[POST]}" onto public com.integrated.comm.restful.RestfulRes<java.lang.Boolean> com.integrated.edu.device.web.DeviceController.apiDel(com.integrated.edu.comm.Ui,com.integrated.edu.device.DeviceType,java.lang.String)
[2018-03-13 17:42:38] INFO  o.s.w.s.m.m.a.RequestMappingHandlerMapping - Mapped "{[/dev/dev_get_hpad],methods=[POST]}" onto public com.integrated.comm.restful.RestfulRes<com.integrated.edu.device.DeviceHpad> com.integrated.edu.device.web.DeviceController.devGetHpad(com.integrated.edu.comm.Ui,java.lang.String,java.lang.String)
[2018-03-13 17:42:38] INFO  o.s.w.s.m.m.a.RequestMappingHandlerMapping - Mapped "{[/dev/group_list],methods=[POST]}" onto public com.integrated.comm.restful.RestfulRes<java.util.List<com.integrated.edu.device.DeviceGroup>> com.integrated.edu.device.web.DeviceController.groList(com.integrated.edu.comm.Ui,java.lang.String)
[2018-03-13 17:42:38] INFO  o.s.w.s.m.m.a.RequestMappingHandlerMapping - Mapped "{[/dev/group_del],methods=[POST]}" onto public com.integrated.comm.restful.RestfulRes<java.lang.Boolean> com.integrated.edu.device.web.DeviceController.groDel(com.integrated.edu.comm.Ui,java.lang.String,java.lang.String)
[2018-03-13 17:42:38] INFO  o.s.w.s.m.m.a.RequestMappingHandlerMapping - Mapped "{[/dev/group_add],methods=[POST]}" onto public com.integrated.comm.restful.RestfulRes<java.lang.Boolean> com.integrated.edu.device.web.DeviceController.groAdd(com.integrated.edu.comm.Ui,java.lang.String,java.lang.String)
[2018-03-13 17:42:38] INFO  o.s.w.s.m.m.a.RequestMappingHandlerMapping - Mapped "{[/dev/group_get],methods=[POST]}" onto public com.integrated.comm.restful.RestfulRes<com.integrated.edu.device.DeviceGroup> com.integrated.edu.device.web.DeviceController.groGet(com.integrated.edu.comm.Ui,java.lang.String,java.lang.String)
[2018-03-13 17:42:38] INFO  o.s.w.s.m.m.a.RequestMappingHandlerMapping - Mapped "{[/dev/dev_mana_get],methods=[POST]}" onto public com.integrated.comm.restful.RestfulRes<com.integrated.edu.device.DeviceMana> com.integrated.edu.device.web.DeviceController.devManaGet(com.integrated.edu.comm.Ui,java.lang.String)
[2018-03-13 17:42:38] INFO  o.s.w.s.m.m.a.RequestMappingHandlerMapping - Mapped "{[/dev/dev_list],methods=[POST]}" onto public com.integrated.comm.restful.RestfulRes<java.util.List<com.integrated.edu.device.Device>> com.integrated.edu.device.web.DeviceController.devList(com.integrated.edu.comm.Ui,java.lang.String,com.integrated.edu.device.DeviceType,java.lang.String)
[2018-03-13 17:42:38] INFO  o.s.w.s.m.m.a.RequestMappingHandlerMapping - Mapped "{[/dev/dev_mana_del],methods=[POST]}" onto public com.integrated.comm.restful.RestfulRes<java.lang.Boolean> com.integrated.edu.device.web.DeviceController.devManaDel(com.integrated.edu.comm.Ui,java.lang.String)
[2018-03-13 17:42:38] INFO  o.s.w.s.m.m.a.RequestMappingHandlerMapping - Mapped "{[/dev/api_add],methods=[POST]}" onto public com.integrated.comm.restful.RestfulRes<java.lang.Boolean> com.integrated.edu.device.web.DeviceController.apiAdd(com.integrated.edu.comm.Ui,com.integrated.edu.device.DeviceType,java.lang.String,java.lang.String)
[2018-03-13 17:42:38] INFO  o.s.w.s.m.m.a.RequestMappingHandlerMapping - Mapped "{[/dev/supplier_upd],methods=[POST]}" onto public com.integrated.comm.restful.RestfulRes<java.lang.Boolean> com.integrated.edu.device.web.DeviceController.supUpd(com.integrated.edu.comm.Ui,com.integrated.edu.device.DeviceSupplier)
[2018-03-13 17:42:38] INFO  o.s.w.s.m.m.a.RequestMappingHandlerMapping - Mapped "{[/dev/dev_paging_cpad],methods=[POST]}" onto public com.integrated.comm.restful.RestfulRes<com.integrated.comm.mybatis.Paging> com.integrated.edu.device.web.DeviceController.devPagingCpad(javax.servlet.http.HttpServletRequest,com.integrated.edu.comm.Ui,java.lang.String,com.integrated.edu.device.DeviceType,java.lang.String,com.integrated.edu.device.OlState,java.lang.String,java.lang.String)
[2018-03-13 17:42:38] INFO  o.s.w.s.m.m.a.RequestMappingHandlerMapping - Mapped "{[/dev/supplier_list],methods=[POST]}" onto public com.integrated.comm.restful.RestfulRes<java.util.List<com.integrated.edu.device.DeviceSupplier>> com.integrated.edu.device.web.DeviceController.supList(com.integrated.edu.comm.Ui)
[2018-03-13 17:42:38] INFO  o.s.w.s.m.m.a.RequestMappingHandlerMapping - Mapped "{[/dev/dev_get],methods=[POST]}" onto public com.integrated.comm.restful.RestfulRes<com.integrated.edu.device.Device> com.integrated.edu.device.web.DeviceController.devGet(com.integrated.edu.comm.Ui,java.lang.String,java.lang.String)
[2018-03-13 17:42:38] INFO  o.s.w.s.m.m.a.RequestMappingHandlerMapping - Mapped "{[/dev/supplier_del],methods=[POST]}" onto public com.integrated.comm.restful.RestfulRes<java.lang.Boolean> com.integrated.edu.device.web.DeviceController.supDel(com.integrated.edu.comm.Ui,java.lang.String)
[2018-03-13 17:42:38] INFO  o.s.w.s.m.m.a.RequestMappingHandlerMapping - Mapped "{[/dev/supplier_get],methods=[POST]}" onto public com.integrated.comm.restful.RestfulRes<com.integrated.edu.device.DeviceSupplier> com.integrated.edu.device.web.DeviceController.supGet(com.integrated.edu.comm.Ui,java.lang.String)
[2018-03-13 17:42:38] INFO  o.s.w.s.m.m.a.RequestMappingHandlerMapping - Mapped "{[/dev/api_list],methods=[POST]}" onto public com.integrated.comm.restful.RestfulRes<java.util.List<com.integrated.edu.device.DeviceApi>> com.integrated.edu.device.web.DeviceController.apiList(com.integrated.edu.comm.Ui,com.integrated.edu.device.DeviceType,java.lang.String)
[2018-03-13 17:42:38] INFO  o.s.w.s.m.m.a.RequestMappingHandlerMapping - Mapped "{[/dev/dev_paging],methods=[POST]}" onto public com.integrated.comm.restful.RestfulRes<com.integrated.comm.mybatis.Paging> com.integrated.edu.device.web.DeviceController.devPaging(javax.servlet.http.HttpServletRequest,com.integrated.edu.comm.Ui,java.lang.String,java.lang.String,com.integrated.edu.device.OlState,com.integrated.edu.device.DeviceType,java.lang.String,java.lang.String)
[2018-03-13 17:42:38] INFO  o.s.w.s.m.m.a.RequestMappingHandlerMapping - Mapped "{[/dev/group_upd],methods=[POST]}" onto public com.integrated.comm.restful.RestfulRes<java.lang.Boolean> com.integrated.edu.device.web.DeviceController.groUpd(com.integrated.edu.comm.Ui,java.lang.String,java.lang.String,java.lang.String)
[2018-03-13 17:42:38] INFO  o.s.w.s.m.m.a.RequestMappingHandlerMapping - Mapped "{[/swagger-resources/configuration/security]}" onto public org.springframework.http.ResponseEntity<springfox.documentation.swagger.web.SecurityConfiguration> springfox.documentation.swagger.web.ApiResourceController.securityConfiguration()
[2018-03-13 17:42:38] INFO  o.s.w.s.m.m.a.RequestMappingHandlerMapping - Mapped "{[/swagger-resources]}" onto public org.springframework.http.ResponseEntity<java.util.List<springfox.documentation.swagger.web.SwaggerResource>> springfox.documentation.swagger.web.ApiResourceController.swaggerResources()
[2018-03-13 17:42:38] INFO  o.s.w.s.m.m.a.RequestMappingHandlerMapping - Mapped "{[/swagger-resources/configuration/ui]}" onto public org.springframework.http.ResponseEntity<springfox.documentation.swagger.web.UiConfiguration> springfox.documentation.swagger.web.ApiResourceController.uiConfiguration()
[2018-03-13 17:42:38] INFO  o.s.w.s.m.m.a.RequestMappingHandlerMapping - Mapped "{[/error]}" onto public org.springframework.http.ResponseEntity<java.util.Map<java.lang.String, java.lang.Object>> org.springframework.boot.autoconfigure.web.BasicErrorController.error(javax.servlet.http.HttpServletRequest)
[2018-03-13 17:42:38] INFO  o.s.w.s.m.m.a.RequestMappingHandlerMapping - Mapped "{[/error],produces=[text/html]}" onto public org.springframework.web.servlet.ModelAndView org.springframework.boot.autoconfigure.web.BasicErrorController.errorHtml(javax.servlet.http.HttpServletRequest,javax.servlet.http.HttpServletResponse)
[2018-03-13 17:42:38] INFO  o.s.w.s.m.m.a.RequestMappingHandlerAdapter - Looking for @ControllerAdvice: org.springframework.boot.context.embedded.AnnotationConfigEmbeddedWebApplicationContext@64beebb7: startup date [Tue Mar 13 17:42:28 CST 2018]; parent: org.springframework.context.annotation.AnnotationConfigApplicationContext@3c7f66c4
[2018-03-13 17:42:38] INFO  s.d.s.w.PropertySourcedRequestMappingHandlerMapping - Mapped URL path [/v2/api-docs] onto method [public org.springframework.http.ResponseEntity<springfox.documentation.spring.web.json.Json> springfox.documentation.swagger2.web.Swagger2Controller.getDocumentation(java.lang.String,javax.servlet.http.HttpServletRequest)]
[2018-03-13 17:42:38] INFO  o.s.web.servlet.handler.SimpleUrlHandlerMapping - Mapped URL path [/favicon.ico] onto handler of type [class org.springframework.web.servlet.resource.ResourceHttpRequestHandler]
[2018-03-13 17:42:38] INFO  o.s.web.servlet.handler.SimpleUrlHandlerMapping - Mapped URL path [/swagger-ui.html] onto handler of type [class org.springframework.web.servlet.resource.ResourceHttpRequestHandler]
[2018-03-13 17:42:38] INFO  o.s.web.servlet.handler.SimpleUrlHandlerMapping - Mapped URL path [/webjars/springfox-swagger-ui/**] onto handler of type [class org.springframework.web.servlet.resource.ResourceHttpRequestHandler]
[2018-03-13 17:42:39] INFO  o.s.w.s.m.m.a.RequestMappingHandlerAdapter - Looking for @ControllerAdvice: org.springframework.boot.context.embedded.AnnotationConfigEmbeddedWebApplicationContext@64beebb7: startup date [Tue Mar 13 17:42:28 CST 2018]; parent: org.springframework.context.annotation.AnnotationConfigApplicationContext@3c7f66c4
[2018-03-13 17:42:39] Swagger inited.
[2018-03-13 17:42:39] WARN  com.netflix.config.sources.URLConfigurationSource - No URLs will be polled as dynamic configuration sources.
[2018-03-13 17:42:39] INFO  com.netflix.config.sources.URLConfigurationSource - To enable URLs as dynamic configuration sources, define System property archaius.configurationSource.additionalUrls or make config.properties available on classpath.
[2018-03-13 17:42:39] WARN  com.netflix.config.sources.URLConfigurationSource - No URLs will be polled as dynamic configuration sources.
[2018-03-13 17:42:39] INFO  com.netflix.config.sources.URLConfigurationSource - To enable URLs as dynamic configuration sources, define System property archaius.configurationSource.additionalUrls or make config.properties available on classpath.
[2018-03-13 17:42:41] WARN  o.s.c.s.e.EurekaStarterDeprecationWarningAutoConfiguration - spring-cloud-starter-eureka is deprecated as of Spring Cloud Netflix 1.4.0, please migrate to spring-cloud-starter-netflix-eureka
[2018-03-13 17:42:41] INFO  o.s.jmx.export.annotation.AnnotationMBeanExporter - Registering beans for JMX exposure on startup
[2018-03-13 17:42:41] INFO  o.s.jmx.export.annotation.AnnotationMBeanExporter - Bean with name 'dataSource' has been autodetected for JMX exposure
[2018-03-13 17:42:41] INFO  o.s.jmx.export.annotation.AnnotationMBeanExporter - Bean with name 'environmentManager' has been autodetected for JMX exposure
[2018-03-13 17:42:41] INFO  o.s.jmx.export.annotation.AnnotationMBeanExporter - Bean with name 'configurationPropertiesRebinder' has been autodetected for JMX exposure
[2018-03-13 17:42:41] INFO  o.s.jmx.export.annotation.AnnotationMBeanExporter - Bean with name 'refreshScope' has been autodetected for JMX exposure
[2018-03-13 17:42:41] INFO  o.s.jmx.export.annotation.AnnotationMBeanExporter - Located managed bean 'environmentManager': registering with JMX server as MBean [org.springframework.cloud.context.environment:name=environmentManager,type=EnvironmentManager]
[2018-03-13 17:42:41] INFO  o.s.jmx.export.annotation.AnnotationMBeanExporter - Located managed bean 'refreshScope': registering with JMX server as MBean [org.springframework.cloud.context.scope.refresh:name=refreshScope,type=RefreshScope]
[2018-03-13 17:42:41] INFO  o.s.jmx.export.annotation.AnnotationMBeanExporter - Located managed bean 'configurationPropertiesRebinder': registering with JMX server as MBean [org.springframework.cloud.context.properties:name=configurationPropertiesRebinder,context=64beebb7,type=ConfigurationPropertiesRebinder]
[2018-03-13 17:42:41] INFO  o.s.jmx.export.annotation.AnnotationMBeanExporter - Located MBean 'dataSource': registering with JMX server as MBean [com.alibaba.druid.pool:name=dataSource,type=DruidDataSource]
[2018-03-13 17:42:41] INFO  o.s.context.support.DefaultLifecycleProcessor - Starting beans in phase 0
[2018-03-13 17:42:41] INFO  o.s.cloud.netflix.eureka.InstanceInfoFactory - Setting initial instance status as: STARTING
[2018-03-13 17:42:41] INFO  com.netflix.discovery.DiscoveryClient - Initializing Eureka in region us-east-1
[2018-03-13 17:42:42] INFO  c.n.discovery.provider.DiscoveryJerseyProvider - Using JSON encoding codec LegacyJacksonJson
[2018-03-13 17:42:42] INFO  c.n.discovery.provider.DiscoveryJerseyProvider - Using JSON decoding codec LegacyJacksonJson
[2018-03-13 17:42:42] INFO  c.n.discovery.provider.DiscoveryJerseyProvider - Using XML encoding codec XStreamXml
[2018-03-13 17:42:42] INFO  c.n.discovery.provider.DiscoveryJerseyProvider - Using XML decoding codec XStreamXml
[2018-03-13 17:42:42] INFO  c.n.d.shared.resolver.aws.ConfigClusterResolver - Resolving eureka endpoints via configuration
[2018-03-13 17:42:42] INFO  com.netflix.discovery.DiscoveryClient - Disable delta property : false
[2018-03-13 17:42:42] INFO  com.netflix.discovery.DiscoveryClient - Single vip registry refresh property : null
[2018-03-13 17:42:42] INFO  com.netflix.discovery.DiscoveryClient - Force full registry fetch : false
[2018-03-13 17:42:42] INFO  com.netflix.discovery.DiscoveryClient - Application is null : false
[2018-03-13 17:42:42] INFO  com.netflix.discovery.DiscoveryClient - Registered Applications size is zero : true
[2018-03-13 17:42:42] INFO  com.netflix.discovery.DiscoveryClient - Application version is -1: true
[2018-03-13 17:42:42] INFO  com.netflix.discovery.DiscoveryClient - Getting all instance registry info from the eureka server
[2018-03-13 17:42:43] INFO  com.netflix.discovery.DiscoveryClient - The response status is 200
[2018-03-13 17:42:43] INFO  com.netflix.discovery.DiscoveryClient - Starting heartbeat executor: renew interval is: 30
[2018-03-13 17:42:43] INFO  com.netflix.discovery.InstanceInfoReplicator - InstanceInfoReplicator onDemand update allowed rate per min is 4
[2018-03-13 17:42:43] INFO  com.netflix.discovery.DiscoveryClient - Discovery Client initialized at timestamp 1520934163426 with initial instances count: 0
[2018-03-13 17:42:43] INFO  o.s.c.n.e.serviceregistry.EurekaServiceRegistry - Registering application sv-data with eureka with status UP
[2018-03-13 17:42:43] INFO  com.netflix.discovery.DiscoveryClient - Saw local status change event StatusChangeEvent [timestamp=1520934163443, current=UP, previous=STARTING]
[2018-03-13 17:42:43] INFO  o.s.context.support.DefaultLifecycleProcessor - Starting beans in phase 2147483647
[2018-03-13 17:42:43] INFO  s.d.s.web.plugins.DocumentationPluginsBootstrapper - Context refreshed
[2018-03-13 17:42:43] INFO  com.netflix.discovery.DiscoveryClient - DiscoveryClient_SV-DATA/10.86.76.140:sv-data:8002: registering service...
[2018-03-13 17:42:43] INFO  s.d.s.web.plugins.DocumentationPluginsBootstrapper - Found 1 custom documentation plugin(s)
[2018-03-13 17:42:43] INFO  com.netflix.discovery.DiscoveryClient - DiscoveryClient_SV-DATA/10.86.76.140:sv-data:8002 - registration status: 204
[2018-03-13 17:42:43] INFO  s.d.spring.web.scanners.ApiListingReferenceScanner - Scanning for api listing references
[2018-03-13 17:42:44] INFO  s.d.s.w.r.operation.CachingOperationNameGenerator - Generating unique operation named: getUsingPOST_1
[2018-03-13 17:42:44] WARN  s.d.s.w.readers.parameter.ParameterDataTypeReader - Trying to infer dataType com.integrated.edu.device.DeviceType
[2018-03-13 17:42:44] WARN  s.d.s.w.readers.parameter.ParameterDataTypeReader - Trying to infer dataType com.integrated.edu.device.DeviceType
[2018-03-13 17:42:44] WARN  s.d.s.w.readers.parameter.ParameterDataTypeReader - Trying to infer dataType com.integrated.edu.device.DeviceType
[2018-03-13 17:42:44] WARN  s.d.s.w.readers.parameter.ParameterDataTypeReader - Trying to infer dataType com.integrated.edu.device.DeviceType
[2018-03-13 17:42:45] WARN  s.d.s.w.readers.parameter.ParameterDataTypeReader - Trying to infer dataType com.integrated.edu.device.DeviceType
[2018-03-13 17:42:45] WARN  s.d.s.w.readers.parameter.ParameterDataTypeReader - Trying to infer dataType com.integrated.edu.device.OlState
[2018-03-13 17:42:45] WARN  s.d.s.w.readers.parameter.ParameterDataTypeReader - Trying to infer dataType com.integrated.edu.device.DeviceType
[2018-03-13 17:42:45] WARN  s.d.s.w.readers.parameter.ParameterDataTypeReader - Trying to infer dataType com.integrated.edu.device.DeviceType
[2018-03-13 17:42:45] WARN  s.d.s.w.readers.parameter.ParameterDataTypeReader - Trying to infer dataType com.integrated.edu.device.OlState
[2018-03-13 17:42:45] WARN  s.d.s.w.readers.parameter.ParameterDataTypeReader - Trying to infer dataType com.integrated.edu.device.DeviceType
[2018-03-13 17:42:45] WARN  s.d.s.w.readers.parameter.ParameterDataTypeReader - Trying to infer dataType com.integrated.edu.device.OlState
[2018-03-13 17:42:45] WARN  s.d.s.w.readers.parameter.ParameterDataTypeReader - Trying to infer dataType com.integrated.edu.device.OlState
[2018-03-13 17:42:45] INFO  s.d.s.w.r.operation.CachingOperationNameGenerator - Generating unique operation named: addUsingPOST_1
[2018-03-13 17:42:45] INFO  s.d.s.w.r.operation.CachingOperationNameGenerator - Generating unique operation named: delUsingPOST_1
[2018-03-13 17:42:45] INFO  s.d.s.w.r.operation.CachingOperationNameGenerator - Generating unique operation named: getUsingPOST_2
[2018-03-13 17:42:45] INFO  s.d.s.w.r.operation.CachingOperationNameGenerator - Generating unique operation named: listUsingPOST_1
[2018-03-13 17:42:45] INFO  s.d.s.w.r.operation.CachingOperationNameGenerator - Generating unique operation named: pagingUsingPOST_1
[2018-03-13 17:42:45] INFO  o.s.s.a.ScheduledAnnotationBeanPostProcessor - No TaskScheduler/ScheduledExecutorService bean found for scheduled processing
[2018-03-13 17:42:46] INFO  org.apache.coyote.http11.Http11NioProtocol - Initializing ProtocolHandler ["http-nio-8002"]
[2018-03-13 17:42:46] INFO  org.apache.coyote.http11.Http11NioProtocol - Starting ProtocolHandler ["http-nio-8002"]
[2018-03-13 17:42:46] INFO  org.apache.tomcat.util.net.NioSelectorPool - Using a shared selector for servlet write/read
[2018-03-13 17:42:46] INFO  o.s.b.c.e.tomcat.TomcatEmbeddedServletContainer - Tomcat started on port(s): 8002 (http)
[2018-03-13 17:42:46] INFO  o.s.c.n.e.s.EurekaAutoServiceRegistration - Updating port to 8002
[2018-03-13 17:42:46] INFO  com.integrated.edu.Application - Started Application in 20.064 seconds (JVM running for 20.774)
[2018-03-13 17:43:13] INFO  com.netflix.discovery.DiscoveryClient - Disable delta property : false
[2018-03-13 17:43:13] INFO  com.netflix.discovery.DiscoveryClient - Single vip registry refresh property : null
[2018-03-13 17:43:13] INFO  com.netflix.discovery.DiscoveryClient - Force full registry fetch : false
[2018-03-13 17:43:13] INFO  com.netflix.discovery.DiscoveryClient - Application is null : false
[2018-03-13 17:43:13] INFO  com.netflix.discovery.DiscoveryClient - Registered Applications size is zero : true
[2018-03-13 17:43:13] INFO  com.netflix.discovery.DiscoveryClient - Application version is -1: false
[2018-03-13 17:43:13] INFO  com.netflix.discovery.DiscoveryClient - Getting all instance registry info from the eureka server
[2018-03-13 17:43:13] INFO  com.netflix.discovery.DiscoveryClient - The response status is 200
[2018-03-13 17:43:16] INFO  c.i.e.comm.cloud.schedule.impl.ScheduleServiceImpl - Cloud schedule active “10.86.76.140:sv-data”.
[2018-03-13 17:43:46] INFO  c.i.e.comm.cloud.schedule.impl.ScheduleServiceImpl - Cloud schedule active “10.86.76.140:sv-data”.
[2018-03-13 17:44:16] INFO  c.i.e.comm.cloud.schedule.impl.ScheduleServiceImpl - Cloud schedule active “10.86.76.140:sv-data”.
[2018-03-13 17:44:46] INFO  c.i.e.comm.cloud.schedule.impl.ScheduleServiceImpl - Cloud schedule active “10.86.76.140:sv-data”.
[2018-03-13 17:44:57] INFO  o.a.c.core.ContainerBase.[Tomcat].[localhost].[/] - Initializing Spring FrameworkServlet 'dispatcherServlet'
[2018-03-13 17:44:57] INFO  org.springframework.web.servlet.DispatcherServlet - FrameworkServlet 'dispatcherServlet': initialization started
[2018-03-13 17:44:57] INFO  org.springframework.web.servlet.DispatcherServlet - FrameworkServlet 'dispatcherServlet': initialization completed in 75 ms
[2018-03-13 17:44:57] URL: http://127.0.0.1:8002/data/sch/sch_hids_by_said?saId=0001
[2018-03-13 17:44:57] INFO  com.alibaba.druid.pool.DruidDataSource - {dataSource-1} inited
[2018-03-13 17:44:57] SQL: select h.id as "hid", h.name as "hname" from b_school h where h.sa_id = ? order by h.name ## arg:{saId=0001, param1=0001}
[2018-03-13 17:44:58] URL: http://127.0.0.1:8002/data/sch/sch_hids_by_said?saId=0001
[2018-03-13 17:44:58] SQL: select h.id as "hid", h.name as "hname" from b_school h where h.sa_id = ? order by h.name ## arg:{saId=0001, param1=0001}
[2018-03-13 17:45:15] URL: http://127.0.0.1:8002/data/sch/sch_list_by_su
[2018-03-13 17:45:15] INFO  o.s.c.a.AnnotationConfigApplicationContext - Refreshing org.springframework.context.annotation.AnnotationConfigApplicationContext@1559aaf2: startup date [Tue Mar 13 17:45:15 CST 2018]; parent: org.springframework.boot.context.embedded.AnnotationConfigEmbeddedWebApplicationContext@64beebb7
[2018-03-13 17:45:15] INFO  o.s.b.f.a.AutowiredAnnotationBeanPostProcessor - JSR-330 'javax.inject.Inject' annotation found and supported for autowiring
[2018-03-13 17:45:16] INFO  c.i.e.comm.cloud.schedule.impl.ScheduleServiceImpl - Cloud schedule active “10.86.76.140:sv-data”.
[2018-03-13 17:45:16] INFO  com.netflix.config.ChainedDynamicProperty - Flipping property: sv-sys.ribbon.ActiveConnectionsLimit to use NEXT property: niws.loadbalancer.availabilityFilteringRule.activeConnectionsLimit = 2147483647
[2018-03-13 17:45:16] INFO  com.netflix.util.concurrent.ShutdownEnabledTimer - Shutdown hook installed for: NFLoadBalancer-PingTimer-sv-sys
[2018-03-13 17:45:16] INFO  com.netflix.loadbalancer.BaseLoadBalancer - Client: sv-sys instantiated a LoadBalancer: DynamicServerListLoadBalancer:{NFLoadBalancer:name=sv-sys,current list of Servers=[],Load balancer stats=Zone stats: {},Server stats: []}ServerList:null
[2018-03-13 17:45:16] INFO  c.n.loadbalancer.DynamicServerListLoadBalancer - Using serverListUpdater PollingServerListUpdater
[2018-03-13 17:45:16] INFO  com.netflix.config.ChainedDynamicProperty - Flipping property: sv-sys.ribbon.ActiveConnectionsLimit to use NEXT property: niws.loadbalancer.availabilityFilteringRule.activeConnectionsLimit = 2147483647
[2018-03-13 17:45:16] INFO  c.n.loadbalancer.DynamicServerListLoadBalancer - DynamicServerListLoadBalancer for client sv-sys initialized: DynamicServerListLoadBalancer:{NFLoadBalancer:name=sv-sys,current list of Servers=[127.0.0.1:8001],Load balancer stats=Zone stats: {defaultzone=[Zone:defaultzone;	Instance count:1;	Active connections count: 0;	Circuit breaker tripped count: 0;	Active connections per server: 0.0;]
},Server stats: [[Server:127.0.0.1:8001;	Zone:defaultZone;	Total Requests:0;	Successive connection failure:0;	Total blackout seconds:0;	Last connection made:Thu Jan 01 08:00:00 CST 1970;	First connection made: Thu Jan 01 08:00:00 CST 1970;	Active Connections:0;	total failure count in last (1000) msecs:0;	average resp time:0.0;	90 percentile resp time:0.0;	95 percentile resp time:0.0;	min resp time:0.0;	max resp time:0.0;	stddev resp time:0.0]
]}ServerList:org.springframework.cloud.netflix.ribbon.eureka.DomainExtractingServerList@1277c7e9
[2018-03-13 17:45:17] INFO  com.netflix.config.ChainedDynamicProperty - Flipping property: sv-sys.ribbon.ActiveConnectionsLimit to use NEXT property: niws.loadbalancer.availabilityFilteringRule.activeConnectionsLimit = 2147483647
[2018-03-13 17:45:23] URL: http://127.0.0.1:8002/data/sch/sch_list_by_su
[2018-03-13 17:45:23] SQL: select h.id as "hid", h.name as "hname", h.lang as "lang", h.alias as "alias", h.prv_id as "prvId", h.cty_id as "ctyId", h.twn_id as "twnId" from b_school h order by h.prv_id,h.cty_id,h.twn_id,h.name
[2018-03-13 17:45:46] INFO  c.i.e.comm.cloud.schedule.impl.ScheduleServiceImpl - Cloud schedule active “10.86.76.140:sv-data”.
[2018-03-13 17:46:16] INFO  c.i.e.comm.cloud.schedule.impl.ScheduleServiceImpl - Cloud schedule active “10.86.76.140:sv-data”.
[2018-03-13 17:46:46] INFO  c.i.e.comm.cloud.schedule.impl.ScheduleServiceImpl - Cloud schedule active “10.86.76.140:sv-data”.
[2018-03-13 17:47:16] INFO  c.i.e.comm.cloud.schedule.impl.ScheduleServiceImpl - Cloud schedule active “10.86.76.140:sv-data”.
[2018-03-13 17:47:42] INFO  c.n.d.shared.resolver.aws.ConfigClusterResolver - Resolving eureka endpoints via configuration
[2018-03-13 17:47:46] INFO  c.i.e.comm.cloud.schedule.impl.ScheduleServiceImpl - Cloud schedule active “10.86.76.140:sv-data”.
[2018-03-13 17:48:16] INFO  c.i.e.comm.cloud.schedule.impl.ScheduleServiceImpl - Cloud schedule active “10.86.76.140:sv-data”.
[2018-03-13 17:48:46] INFO  c.i.e.comm.cloud.schedule.impl.ScheduleServiceImpl - Cloud schedule active “10.86.76.140:sv-data”.
[2018-03-13 17:49:16] INFO  c.i.e.comm.cloud.schedule.impl.ScheduleServiceImpl - Cloud schedule active “10.86.76.140:sv-data”.
[2018-03-13 17:49:46] INFO  c.i.e.comm.cloud.schedule.impl.ScheduleServiceImpl - Cloud schedule active “10.86.76.140:sv-data”.
[2018-03-13 17:50:16] INFO  c.i.e.comm.cloud.schedule.impl.ScheduleServiceImpl - Cloud schedule active “10.86.76.140:sv-data”.
[2018-03-13 17:50:46] INFO  c.i.e.comm.cloud.schedule.impl.ScheduleServiceImpl - Cloud schedule active “10.86.76.140:sv-data”.
[2018-03-13 17:51:16] INFO  c.i.e.comm.cloud.schedule.impl.ScheduleServiceImpl - Cloud schedule active “10.86.76.140:sv-data”.
[2018-03-13 17:51:46] INFO  c.i.e.comm.cloud.schedule.impl.ScheduleServiceImpl - Cloud schedule active “10.86.76.140:sv-data”.
[2018-03-13 17:52:16] INFO  c.i.e.comm.cloud.schedule.impl.ScheduleServiceImpl - Cloud schedule active “10.86.76.140:sv-data”.
[2018-03-13 17:52:42] INFO  c.n.d.shared.resolver.aws.ConfigClusterResolver - Resolving eureka endpoints via configuration
[2018-03-13 17:52:46] INFO  c.i.e.comm.cloud.schedule.impl.ScheduleServiceImpl - Cloud schedule active “10.86.76.140:sv-data”.
[2018-03-13 17:53:16] INFO  c.i.e.comm.cloud.schedule.impl.ScheduleServiceImpl - Cloud schedule active “10.86.76.140:sv-data”.
[2018-03-13 17:53:46] INFO  c.i.e.comm.cloud.schedule.impl.ScheduleServiceImpl - Cloud schedule active “10.86.76.140:sv-data”.
[2018-03-13 17:54:16] INFO  c.i.e.comm.cloud.schedule.impl.ScheduleServiceImpl - Cloud schedule active “10.86.76.140:sv-data”.
[2018-03-13 17:54:46] INFO  c.i.e.comm.cloud.schedule.impl.ScheduleServiceImpl - Cloud schedule active “10.86.76.140:sv-data”.
[2018-03-13 17:55:16] INFO  c.i.e.comm.cloud.schedule.impl.ScheduleServiceImpl - Cloud schedule active “10.86.76.140:sv-data”.
[2018-03-13 17:55:46] INFO  c.i.e.comm.cloud.schedule.impl.ScheduleServiceImpl - Cloud schedule active “10.86.76.140:sv-data”.
[2018-03-13 17:56:16] INFO  c.i.e.comm.cloud.schedule.impl.ScheduleServiceImpl - Cloud schedule active “10.86.76.140:sv-data”.
[2018-03-13 17:56:46] INFO  c.i.e.comm.cloud.schedule.impl.ScheduleServiceImpl - Cloud schedule active “10.86.76.140:sv-data”.
[2018-03-13 17:57:16] INFO  c.i.e.comm.cloud.schedule.impl.ScheduleServiceImpl - Cloud schedule active “10.86.76.140:sv-data”.
[2018-03-13 17:57:42] INFO  c.n.d.shared.resolver.aws.ConfigClusterResolver - Resolving eureka endpoints via configuration
[2018-03-13 17:57:46] INFO  c.i.e.comm.cloud.schedule.impl.ScheduleServiceImpl - Cloud schedule active “10.86.76.140:sv-data”.
[2018-03-13 17:58:16] INFO  c.i.e.comm.cloud.schedule.impl.ScheduleServiceImpl - Cloud schedule active “10.86.76.140:sv-data”.
[2018-03-13 17:58:46] INFO  c.i.e.comm.cloud.schedule.impl.ScheduleServiceImpl - Cloud schedule active “10.86.76.140:sv-data”.
[2018-03-13 17:59:16] INFO  c.i.e.comm.cloud.schedule.impl.ScheduleServiceImpl - Cloud schedule active “10.86.76.140:sv-data”.
[2018-03-13 17:59:46] INFO  c.i.e.comm.cloud.schedule.impl.ScheduleServiceImpl - Cloud schedule active “10.86.76.140:sv-data”.
[2018-03-13 18:00:16] INFO  c.i.e.comm.cloud.schedule.impl.ScheduleServiceImpl - Cloud schedule active “10.86.76.140:sv-data”.
[2018-03-13 18:00:46] INFO  c.i.e.comm.cloud.schedule.impl.ScheduleServiceImpl - Cloud schedule active “10.86.76.140:sv-data”.
[2018-03-13 18:01:16] INFO  c.i.e.comm.cloud.schedule.impl.ScheduleServiceImpl - Cloud schedule active “10.86.76.140:sv-data”.
[2018-03-13 18:01:46] INFO  c.i.e.comm.cloud.schedule.impl.ScheduleServiceImpl - Cloud schedule active “10.86.76.140:sv-data”.
[2018-03-13 18:02:16] INFO  c.i.e.comm.cloud.schedule.impl.ScheduleServiceImpl - Cloud schedule active “10.86.76.140:sv-data”.
[2018-03-13 18:02:42] INFO  c.n.d.shared.resolver.aws.ConfigClusterResolver - Resolving eureka endpoints via configuration
[2018-03-13 18:02:46] INFO  c.i.e.comm.cloud.schedule.impl.ScheduleServiceImpl - Cloud schedule active “10.86.76.140:sv-data”.
[2018-03-13 18:03:16] INFO  c.i.e.comm.cloud.schedule.impl.ScheduleServiceImpl - Cloud schedule active “10.86.76.140:sv-data”.
[2018-03-13 18:03:46] INFO  c.i.e.comm.cloud.schedule.impl.ScheduleServiceImpl - Cloud schedule active “10.86.76.140:sv-data”.
[2018-03-13 18:04:16] INFO  c.i.e.comm.cloud.schedule.impl.ScheduleServiceImpl - Cloud schedule active “10.86.76.140:sv-data”.
[2018-03-13 18:04:46] INFO  c.i.e.comm.cloud.schedule.impl.ScheduleServiceImpl - Cloud schedule active “10.86.76.140:sv-data”.
[2018-03-13 18:05:16] INFO  c.i.e.comm.cloud.schedule.impl.ScheduleServiceImpl - Cloud schedule active “10.86.76.140:sv-data”.
[2018-03-13 18:05:46] INFO  c.i.e.comm.cloud.schedule.impl.ScheduleServiceImpl - Cloud schedule active “10.86.76.140:sv-data”.
[2018-03-13 18:06:16] INFO  c.i.e.comm.cloud.schedule.impl.ScheduleServiceImpl - Cloud schedule active “10.86.76.140:sv-data”.
[2018-03-13 18:06:46] INFO  c.i.e.comm.cloud.schedule.impl.ScheduleServiceImpl - Cloud schedule active “10.86.76.140:sv-data”.
[2018-03-13 18:07:16] INFO  c.i.e.comm.cloud.schedule.impl.ScheduleServiceImpl - Cloud schedule active “10.86.76.140:sv-data”.
[2018-03-13 18:07:42] INFO  c.n.d.shared.resolver.aws.ConfigClusterResolver - Resolving eureka endpoints via configuration
[2018-03-13 18:07:46] INFO  c.i.e.comm.cloud.schedule.impl.ScheduleServiceImpl - Cloud schedule active “10.86.76.140:sv-data”.
[2018-03-13 18:08:16] INFO  c.i.e.comm.cloud.schedule.impl.ScheduleServiceImpl - Cloud schedule active “10.86.76.140:sv-data”.
[2018-03-13 18:08:46] INFO  c.i.e.comm.cloud.schedule.impl.ScheduleServiceImpl - Cloud schedule active “10.86.76.140:sv-data”.
[2018-03-13 18:09:16] INFO  c.i.e.comm.cloud.schedule.impl.ScheduleServiceImpl - Cloud schedule active “10.86.76.140:sv-data”.
[2018-03-13 18:09:46] INFO  c.i.e.comm.cloud.schedule.impl.ScheduleServiceImpl - Cloud schedule active “10.86.76.140:sv-data”.
[2018-03-13 18:10:16] INFO  c.i.e.comm.cloud.schedule.impl.ScheduleServiceImpl - Cloud schedule active “10.86.76.140:sv-data”.
[2018-03-13 18:10:46] INFO  c.i.e.comm.cloud.schedule.impl.ScheduleServiceImpl - Cloud schedule active “10.86.76.140:sv-data”.
[2018-03-13 18:11:16] INFO  c.i.e.comm.cloud.schedule.impl.ScheduleServiceImpl - Cloud schedule active “10.86.76.140:sv-data”.
[2018-03-13 18:11:46] INFO  c.i.e.comm.cloud.schedule.impl.ScheduleServiceImpl - Cloud schedule active “10.86.76.140:sv-data”.
[2018-03-13 18:12:16] INFO  c.i.e.comm.cloud.schedule.impl.ScheduleServiceImpl - Cloud schedule active “10.86.76.140:sv-data”.
[2018-03-13 18:12:42] INFO  c.n.d.shared.resolver.aws.ConfigClusterResolver - Resolving eureka endpoints via configuration
[2018-03-13 18:12:46] INFO  c.i.e.comm.cloud.schedule.impl.ScheduleServiceImpl - Cloud schedule active “10.86.76.140:sv-data”.
