[2018-03-13 17:42:55] INFO  o.s.c.a.AnnotationConfigApplicationContext - Refreshing org.springframework.context.annotation.AnnotationConfigApplicationContext@3c7f66c4: startup date [Tue Mar 13 17:42:55 CST 2018]; root of context hierarchy
[2018-03-13 17:42:55] INFO  org.hibernate.validator.internal.util.Version - HV000001: Hibernate Validator 5.3.5.Final
[2018-03-13 17:42:55] INFO  o.s.b.f.a.AutowiredAnnotationBeanPostProcessor - JSR-330 'javax.inject.Inject' annotation found and supported for autowiring
[2018-03-13 17:42:55] INFO  o.s.c.s.PostProcessorRegistrationDelegate$BeanPostProcessorChecker - Bean 'configurationPropertiesRebinderAutoConfiguration' of type [org.springframework.cloud.autoconfigure.ConfigurationPropertiesRebinderAutoConfiguration$$EnhancerBySpringCGLIB$$e3b04d1f] is not eligible for getting processed by all BeanPostProcessors (for example: not eligible for auto-proxying)
[2018-03-13 17:42:56] INFO  o.s.c.c.client.ConfigServicePropertySourceLocator - Fetching config from server at: http://127.0.0.1:7900/
[2018-03-13 17:42:57] INFO  o.s.c.c.client.ConfigServicePropertySourceLocator - Located environment: name=sv-sys,comm, profiles=[default], label=null, version=null, state=null
[2018-03-13 17:42:57] INFO  o.s.c.b.c.PropertySourceBootstrapConfiguration - Located property source: CompositePropertySource [name='configService', propertySources=[MapPropertySource {name='file:D:/integrated/integrated/edu/confs/loc-prv/comm.yml'}, MapPropertySource {name='file:D:/integrated/integrated/edu/confs/loc-prv/sv-sys.yml'}]]
[2018-03-13 17:42:57] INFO  com.integrated.edu.Application - No active profile set, falling back to default profiles: default
[2018-03-13 17:42:57] INFO  o.s.b.c.e.AnnotationConfigEmbeddedWebApplicationContext - Refreshing org.springframework.boot.context.embedded.AnnotationConfigEmbeddedWebApplicationContext@5b58ed3c: startup date [Tue Mar 13 17:42:57 CST 2018]; parent: org.springframework.context.annotation.AnnotationConfigApplicationContext@3c7f66c4
[2018-03-13 17:43:00] INFO  o.s.d.r.config.RepositoryConfigurationDelegate - Multiple Spring Data modules found, entering strict repository configuration mode!
[2018-03-13 17:43:01] INFO  o.springframework.cloud.context.scope.GenericScope - BeanFactory id=56ca6413-7875-30b2-b7af-86e575214886
[2018-03-13 17:43:01] INFO  o.s.b.f.a.AutowiredAnnotationBeanPostProcessor - JSR-330 'javax.inject.Inject' annotation found and supported for autowiring
[2018-03-13 17:43:01] INFO  o.s.c.s.PostProcessorRegistrationDelegate$BeanPostProcessorChecker - Bean 'com.integrated.edu.sys.service.sa.LoginService' of type [org.springframework.cloud.netflix.feign.FeignClientFactoryBean] is not eligible for getting processed by all BeanPostProcessors (for example: not eligible for auto-proxying)
[2018-03-13 17:43:01] INFO  o.s.c.s.PostProcessorRegistrationDelegate$BeanPostProcessorChecker - Bean 'org.springframework.transaction.annotation.ProxyTransactionManagementConfiguration' of type [org.springframework.transaction.annotation.ProxyTransactionManagementConfiguration$$EnhancerBySpringCGLIB$$c7964a22] is not eligible for getting processed by all BeanPostProcessors (for example: not eligible for auto-proxying)
[2018-03-13 17:43:01] INFO  o.s.c.s.PostProcessorRegistrationDelegate$BeanPostProcessorChecker - Bean 'org.springframework.cloud.autoconfigure.ConfigurationPropertiesRebinderAutoConfiguration' of type [org.springframework.cloud.autoconfigure.ConfigurationPropertiesRebinderAutoConfiguration$$EnhancerBySpringCGLIB$$e3b04d1f] is not eligible for getting processed by all BeanPostProcessors (for example: not eligible for auto-proxying)
[2018-03-13 17:43:02] INFO  o.s.b.c.e.tomcat.TomcatEmbeddedServletContainer - Tomcat initialized with port(s): 8001 (http)
[2018-03-13 17:43:02] INFO  org.apache.catalina.core.StandardService - Starting service [Tomcat]
[2018-03-13 17:43:02] INFO  org.apache.catalina.core.StandardEngine - Starting Servlet Engine: Apache Tomcat/8.5.23
[2018-03-13 17:43:02] INFO  o.a.c.core.ContainerBase.[Tomcat].[localhost].[/] - Initializing Spring embedded WebApplicationContext
[2018-03-13 17:43:02] INFO  org.springframework.web.context.ContextLoader - Root WebApplicationContext: initialization completed in 5293 ms
[2018-03-13 17:43:02] INFO  o.s.boot.web.servlet.ServletRegistrationBean - Mapping servlet: 'statViewServlet' to [/druid/*]
[2018-03-13 17:43:02] INFO  o.s.boot.web.servlet.ServletRegistrationBean - Mapping servlet: 'dispatcherServlet' to [/]
[2018-03-13 17:43:02] INFO  o.s.boot.web.servlet.FilterRegistrationBean - Mapping filter: 'characterEncodingFilter' to: [/*]
[2018-03-13 17:43:02] INFO  o.s.boot.web.servlet.FilterRegistrationBean - Mapping filter: 'webStatFilter' to urls: [/*]
[2018-03-13 17:43:02] INFO  o.s.boot.web.servlet.FilterRegistrationBean - Mapping filter: 'SvMvcFilter' to urls: [/*]
[2018-03-13 17:43:02] INFO  com.integrated.edu.comm.restful.sv.SvMvcFilter - SvMvcFilter inited, debug is 'true'
[2018-03-13 17:43:02] INFO  com.integrated.comm.utils.ext.FileUtils - Load folder for '静态资源目录' is D:\integrated\integrated\edu\file\file_p
[2018-03-13 17:43:02] INFO  com.integrated.comm.utils.ext.FileUtils - Load folder for '公开文件目录' is D:\integrated\integrated\edu\file\file_u
[2018-03-13 17:43:02] INFO  com.integrated.comm.utils.ext.FileUtils - Load folder for '公开文件临时目录' is D:\integrated\integrated\edu\file\file_u\_temp
[2018-03-13 17:43:02] INFO  com.integrated.comm.utils.ext.FileUtils - Load folder for '私有文件目录' is D:\integrated\integrated\edu\file\file_s
[2018-03-13 17:43:02] INFO  com.integrated.comm.utils.ext.FileUtils - Load folder for '私有文件临时目录' is D:\integrated\integrated\edu\file\file_s\_temp
[2018-03-13 17:43:03] 【广播服务】服务启动, ClientConfig [namesrvAddr=192.168.1.25:9876, clientIP=10.86.76.140, instanceName=sv-sys, clientCallbackExecutorThreads=4, pollNameServerInterval=30000, heartbeatBrokerInterval=30000, persistConsumerOffsetInterval=5000, unitMode=false, unitName=null, vipChannelEnabled=true]
[2018-03-13 17:43:03] 【考勤广播服务】服务启动, ClientConfig [namesrvAddr=192.168.1.25:9876, clientIP=10.86.76.140, instanceName=sv-sys, clientCallbackExecutorThreads=4, pollNameServerInterval=30000, heartbeatBrokerInterval=30000, persistConsumerOffsetInterval=5000, unitMode=false, unitName=null, vipChannelEnabled=true]
[2018-03-13 17:43:03] Redis >>> 192.168.1.25:6379 >> 6
[2018-03-13 17:43:03] INFO  c.i.e.comm.cloud.schedule.impl.ScheduleServiceImpl - Cloud schedule active “10.86.76.140:sv-sys”.
[2018-03-13 17:43:04] INFO  c.i.edu.comm.cloud.log.impl.LogServiceImpl - 日志服务启动.
[2018-03-13 17:43:04] INFO  com.integrated.comm.mybatis.SQLInterceptor - 初始化MyBatis拦截器并加载SQL打印服务：com.integrated.comm.mybatis.SQLPrinterDefaultImpl@20349058
[2018-03-13 17:43:05] INFO  o.s.c.a.AnnotationConfigApplicationContext - Refreshing org.springframework.context.annotation.AnnotationConfigApplicationContext@289f15e9: startup date [Tue Mar 13 17:43:05 CST 2018]; parent: org.springframework.boot.context.embedded.AnnotationConfigEmbeddedWebApplicationContext@5b58ed3c
[2018-03-13 17:43:05] INFO  o.s.b.f.a.AutowiredAnnotationBeanPostProcessor - JSR-330 'javax.inject.Inject' annotation found and supported for autowiring
[2018-03-13 17:43:06] INFO  o.s.w.s.m.m.a.RequestMappingHandlerMapping - Mapped "{[/error/400]}" onto public void com.integrated.edu.comm.restful.sv.SvMvcController.e400(javax.servlet.http.HttpServletRequest,javax.servlet.http.HttpServletResponse)
[2018-03-13 17:43:06] INFO  o.s.w.s.m.m.a.RequestMappingHandlerMapping - Mapped "{[/error/500]}" onto public void com.integrated.edu.comm.restful.sv.SvMvcController.e500(javax.servlet.http.HttpServletRequest,javax.servlet.http.HttpServletResponse)
[2018-03-13 17:43:06] INFO  o.s.w.s.m.m.a.RequestMappingHandlerMapping - Mapped "{[/error/405]}" onto public void com.integrated.edu.comm.restful.sv.SvMvcController.e405(javax.servlet.http.HttpServletRequest,javax.servlet.http.HttpServletResponse)
[2018-03-13 17:43:06] INFO  o.s.w.s.m.m.a.RequestMappingHandlerMapping - Mapped "{[/error/403]}" onto public void com.integrated.edu.comm.restful.sv.SvMvcController.e403(javax.servlet.http.HttpServletRequest,javax.servlet.http.HttpServletResponse)
[2018-03-13 17:43:06] INFO  o.s.w.s.m.m.a.RequestMappingHandlerMapping - Mapped "{[/error/404]}" onto public void com.integrated.edu.comm.restful.sv.SvMvcController.e404(javax.servlet.http.HttpServletRequest,javax.servlet.http.HttpServletResponse)
[2018-03-13 17:43:06] INFO  o.s.w.s.m.m.a.RequestMappingHandlerMapping - Mapped "{[/area/add],methods=[POST]}" onto public com.integrated.comm.restful.RestfulRes<java.lang.Boolean> com.integrated.edu.sys.web.area.AreaController.add(com.integrated.edu.comm.Ui,com.integrated.edu.comm.sys.area.Area)
[2018-03-13 17:43:06] INFO  o.s.w.s.m.m.a.RequestMappingHandlerMapping - Mapped "{[/area/get],methods=[POST]}" onto public com.integrated.comm.restful.RestfulRes<com.integrated.edu.comm.sys.area.Area> com.integrated.edu.sys.web.area.AreaController.get(com.integrated.edu.comm.Ui,java.lang.String)
[2018-03-13 17:43:06] INFO  o.s.w.s.m.m.a.RequestMappingHandlerMapping - Mapped "{[/area/list],methods=[POST]}" onto public com.integrated.comm.restful.RestfulRes<java.util.List<com.integrated.edu.comm.sys.area.Area>> com.integrated.edu.sys.web.area.AreaController.list(com.integrated.edu.comm.Ui,java.lang.String)
[2018-03-13 17:43:06] INFO  o.s.w.s.m.m.a.RequestMappingHandlerMapping - Mapped "{[/area/json],methods=[POST]}" onto public com.integrated.comm.restful.RestfulRes<java.lang.String> com.integrated.edu.sys.web.area.AreaController.json(com.integrated.edu.comm.Ui)
[2018-03-13 17:43:06] INFO  o.s.w.s.m.m.a.RequestMappingHandlerMapping - Mapped "{[/area/weather],methods=[POST]}" onto public com.integrated.comm.restful.RestfulRes<java.lang.String> com.integrated.edu.sys.web.area.AreaController.weather(com.integrated.edu.comm.Ui,java.lang.String)
[2018-03-13 17:43:06] INFO  o.s.w.s.m.m.a.RequestMappingHandlerMapping - Mapped "{[/area/list_by_uid],methods=[POST]}" onto public com.integrated.comm.restful.RestfulRes<java.util.List<com.integrated.edu.comm.sys.area.Area>> com.integrated.edu.sys.web.area.AreaController.listByUid(com.integrated.edu.comm.Ui,java.lang.String)
[2018-03-13 17:43:06] INFO  o.s.w.s.m.m.a.RequestMappingHandlerMapping - Mapped "{[/area/upd],methods=[POST]}" onto public com.integrated.comm.restful.RestfulRes<java.lang.Boolean> com.integrated.edu.sys.web.area.AreaController.upd(com.integrated.edu.comm.Ui,com.integrated.edu.comm.sys.area.Area)
[2018-03-13 17:43:06] INFO  o.s.w.s.m.m.a.RequestMappingHandlerMapping - Mapped "{[/area/del],methods=[POST]}" onto public com.integrated.comm.restful.RestfulRes<java.lang.Boolean> com.integrated.edu.sys.web.area.AreaController.del(com.integrated.edu.comm.Ui,java.lang.String)
[2018-03-13 17:43:06] INFO  o.s.w.s.m.m.a.RequestMappingHandlerMapping - Mapped "{[/imp/add],methods=[POST]}" onto public com.integrated.comm.restful.RestfulRes<java.lang.Boolean> com.integrated.edu.sys.web.imp.ImpController.add(com.integrated.edu.comm.Ui,java.lang.String,java.lang.String,com.integrated.edu.comm.sys.imp.ImpType,java.lang.String)
[2018-03-13 17:43:06] INFO  o.s.w.s.m.m.a.RequestMappingHandlerMapping - Mapped "{[/imp/get],methods=[POST]}" onto public com.integrated.comm.restful.RestfulRes<com.integrated.edu.comm.sys.imp.Imp> com.integrated.edu.sys.web.imp.ImpController.get(com.integrated.edu.comm.Ui,java.lang.String)
[2018-03-13 17:43:06] INFO  o.s.w.s.m.m.a.RequestMappingHandlerMapping - Mapped "{[/imp/upd],methods=[POST]}" onto public com.integrated.comm.restful.RestfulRes<java.lang.Boolean> com.integrated.edu.sys.web.imp.ImpController.upd(com.integrated.edu.comm.Ui,com.integrated.edu.comm.sys.imp.Imp)
[2018-03-13 17:43:06] INFO  o.s.w.s.m.m.a.RequestMappingHandlerMapping - Mapped "{[/imp/down_template],methods=[POST || GET]}" onto public void com.integrated.edu.sys.web.imp.ImpController.downTemplate(javax.servlet.http.HttpServletResponse,com.integrated.edu.comm.sys.imp.ImpType) throws java.io.IOException
[2018-03-13 17:43:06] INFO  o.s.w.s.m.m.a.RequestMappingHandlerMapping - Mapped "{[/imp/paging],methods=[POST]}" onto public com.integrated.comm.restful.RestfulRes<com.integrated.comm.mybatis.Paging> com.integrated.edu.sys.web.imp.ImpController.impPaging(com.integrated.edu.comm.Ui,javax.servlet.http.HttpServletRequest,com.integrated.edu.comm.sys.imp.ImpType,java.lang.String,java.lang.String,java.lang.String)
[2018-03-13 17:43:06] INFO  o.s.w.s.m.m.a.RequestMappingHandlerMapping - Mapped "{[/imp/down_result],methods=[POST || GET]}" onto public void com.integrated.edu.sys.web.imp.ImpController.downResult(javax.servlet.http.HttpServletResponse,java.lang.String) throws java.io.IOException
[2018-03-13 17:43:06] INFO  o.s.w.s.m.m.a.RequestMappingHandlerMapping - Mapped "{[/pub/func_list],methods=[POST]}" onto public com.integrated.comm.restful.RestfulRes<java.util.List<com.integrated.edu.comm.sys.sa.SysFunc>> com.integrated.edu.sys.web.sa.LoginController.funcList(com.integrated.edu.comm.Ui)
[2018-03-13 17:43:06] INFO  o.s.w.s.m.m.a.RequestMappingHandlerMapping - Mapped "{[/pub/login],methods=[POST]}" onto public com.integrated.comm.restful.RestfulRes<com.integrated.edu.comm.sys.sa.SaLoginResult> com.integrated.edu.sys.web.sa.LoginController.login(java.lang.String,java.lang.String)
[2018-03-13 17:43:06] INFO  o.s.w.s.m.m.a.RequestMappingHandlerMapping - Mapped "{[/sa/sa/add],methods=[POST]}" onto public com.integrated.comm.restful.RestfulRes<java.lang.Boolean> com.integrated.edu.sys.web.sa.SaController.add(com.integrated.edu.comm.Ui,com.integrated.edu.comm.sys.sa.Sa)
[2018-03-13 17:43:06] INFO  o.s.w.s.m.m.a.RequestMappingHandlerMapping - Mapped "{[/sa/sa/get],methods=[POST]}" onto public com.integrated.comm.restful.RestfulRes<com.integrated.edu.comm.sys.sa.Sa> com.integrated.edu.sys.web.sa.SaController.get(com.integrated.edu.comm.Ui,java.lang.String)
[2018-03-13 17:43:06] INFO  o.s.w.s.m.m.a.RequestMappingHandlerMapping - Mapped "{[/sa/sa/list],methods=[POST]}" onto public com.integrated.comm.restful.RestfulRes<java.util.List<com.integrated.edu.comm.sys.sa.Sa>> com.integrated.edu.sys.web.sa.SaController.list(com.integrated.edu.comm.Ui)
[2018-03-13 17:43:06] INFO  o.s.w.s.m.m.a.RequestMappingHandlerMapping - Mapped "{[/sa/sa/exists],methods=[POST]}" onto public com.integrated.comm.restful.RestfulRes<java.lang.Boolean> com.integrated.edu.sys.web.sa.SaController.exists(com.integrated.edu.comm.Ui,java.lang.String)
[2018-03-13 17:43:06] INFO  o.s.w.s.m.m.a.RequestMappingHandlerMapping - Mapped "{[/sa/sa/funcs],methods=[POST]}" onto public com.integrated.comm.restful.RestfulRes<java.util.List<com.integrated.edu.comm.Simple>> com.integrated.edu.sys.web.sa.SaController.funcs(com.integrated.edu.comm.Ui)
[2018-03-13 17:43:06] INFO  o.s.w.s.m.m.a.RequestMappingHandlerMapping - Mapped "{[/sa/sa/func_by_said],methods=[POST]}" onto public com.integrated.comm.restful.RestfulRes<java.util.List<com.integrated.edu.comm.sys.sa.SysFunc>> com.integrated.edu.sys.web.sa.SaController.funcBySaId(com.integrated.edu.comm.Ui,java.lang.String)
[2018-03-13 17:43:06] INFO  o.s.w.s.m.m.a.RequestMappingHandlerMapping - Mapped "{[/sa/sa/paging],methods=[POST]}" onto public com.integrated.comm.restful.RestfulRes<com.integrated.comm.mybatis.Paging> com.integrated.edu.sys.web.sa.SaController.paging(com.integrated.edu.comm.Ui,javax.servlet.http.HttpServletRequest,java.lang.String,java.lang.String,java.lang.String)
[2018-03-13 17:43:06] INFO  o.s.w.s.m.m.a.RequestMappingHandlerMapping - Mapped "{[/sa/sa/upd],methods=[POST]}" onto public com.integrated.comm.restful.RestfulRes<java.lang.Boolean> com.integrated.edu.sys.web.sa.SaController.upd(com.integrated.edu.comm.Ui,com.integrated.edu.comm.sys.sa.Sa)
[2018-03-13 17:43:06] INFO  o.s.w.s.m.m.a.RequestMappingHandlerMapping - Mapped "{[/sa/sa/del],methods=[POST]}" onto public com.integrated.comm.restful.RestfulRes<java.lang.Object> com.integrated.edu.sys.web.sa.SaController.del(com.integrated.edu.comm.Ui,java.lang.String)
[2018-03-13 17:43:06] INFO  o.s.w.s.m.m.a.RequestMappingHandlerMapping - Mapped "{[/sa/sa/funcids_by_said],methods=[POST]}" onto public com.integrated.comm.restful.RestfulRes<java.util.List<java.lang.String>> com.integrated.edu.sys.web.sa.SaController.funcIdsBySaId(com.integrated.edu.comm.Ui,java.lang.String)
[2018-03-13 17:43:06] INFO  o.s.w.s.m.m.a.RequestMappingHandlerMapping - Mapped "{[/sa/sa/func_save],methods=[POST]}" onto public com.integrated.comm.restful.RestfulRes<java.lang.Boolean> com.integrated.edu.sys.web.sa.SaController.funcSave(com.integrated.edu.comm.Ui,java.lang.String,java.lang.String)
[2018-03-13 17:43:06] INFO  o.s.w.s.m.m.a.RequestMappingHandlerMapping - Mapped "{[/sa/role/add],methods=[POST]}" onto public com.integrated.comm.restful.RestfulRes<java.lang.Boolean> com.integrated.edu.sys.web.sa.SaRoleController.add(com.integrated.edu.comm.Ui,java.lang.String,java.lang.String)
[2018-03-13 17:43:06] INFO  o.s.w.s.m.m.a.RequestMappingHandlerMapping - Mapped "{[/sa/role/get],methods=[POST]}" onto public com.integrated.comm.restful.RestfulRes<com.integrated.edu.comm.sys.sa.SaRole> com.integrated.edu.sys.web.sa.SaRoleController.get(com.integrated.edu.comm.Ui,java.lang.String)
[2018-03-13 17:43:06] INFO  o.s.w.s.m.m.a.RequestMappingHandlerMapping - Mapped "{[/sa/role/funcs_by_rid],methods=[POST]}" onto public com.integrated.comm.restful.RestfulRes<java.util.List<com.integrated.edu.comm.sys.sa.SysFunc>> com.integrated.edu.sys.web.sa.SaRoleController.funcs(com.integrated.edu.comm.Ui,java.lang.String)
[2018-03-13 17:43:06] INFO  o.s.w.s.m.m.a.RequestMappingHandlerMapping - Mapped "{[/sa/role/paging],methods=[POST]}" onto public com.integrated.comm.restful.RestfulRes<com.integrated.comm.mybatis.Paging> com.integrated.edu.sys.web.sa.SaRoleController.paging(javax.servlet.http.HttpServletRequest,com.integrated.edu.comm.Ui,java.lang.String,java.lang.String)
[2018-03-13 17:43:06] INFO  o.s.w.s.m.m.a.RequestMappingHandlerMapping - Mapped "{[/sa/role/upd],methods=[POST]}" onto public com.integrated.comm.restful.RestfulRes<java.lang.Boolean> com.integrated.edu.sys.web.sa.SaRoleController.upd(com.integrated.edu.comm.Ui,java.lang.String,java.lang.String,java.lang.String)
[2018-03-13 17:43:06] INFO  o.s.w.s.m.m.a.RequestMappingHandlerMapping - Mapped "{[/sa/role/del],methods=[POST]}" onto public com.integrated.comm.restful.RestfulRes<java.lang.Boolean> com.integrated.edu.sys.web.sa.SaRoleController.del(com.integrated.edu.comm.Ui,java.lang.String)
[2018-03-13 17:43:06] INFO  o.s.w.s.m.m.a.RequestMappingHandlerMapping - Mapped "{[/sa/role/get_by_uid],methods=[POST]}" onto public com.integrated.comm.restful.RestfulRes<com.integrated.edu.comm.sys.sa.SaRole> com.integrated.edu.sys.web.sa.SaRoleController.getByUid(com.integrated.edu.comm.Ui,java.lang.String)
[2018-03-13 17:43:06] INFO  o.s.w.s.m.m.a.RequestMappingHandlerMapping - Mapped "{[/sa/role/list_by_said],methods=[POST]}" onto public com.integrated.comm.restful.RestfulRes<java.util.List<com.integrated.edu.comm.sys.sa.SaRole>> com.integrated.edu.sys.web.sa.SaRoleController.listBySAId(com.integrated.edu.comm.Ui,java.lang.String)
[2018-03-13 17:43:06] INFO  o.s.w.s.m.m.a.RequestMappingHandlerMapping - Mapped "{[/sa/role/funcids_by_rid],methods=[POST]}" onto public com.integrated.comm.restful.RestfulRes<java.util.List<java.lang.String>> com.integrated.edu.sys.web.sa.SaRoleController.funcIds(com.integrated.edu.comm.Ui,java.lang.String)
[2018-03-13 17:43:06] INFO  o.s.w.s.m.m.a.RequestMappingHandlerMapping - Mapped "{[/sa/role/func_save],methods=[POST]}" onto public com.integrated.comm.restful.RestfulRes<java.lang.Boolean> com.integrated.edu.sys.web.sa.SaRoleController.funcSave(com.integrated.edu.comm.Ui,java.lang.String,java.lang.String)
[2018-03-13 17:43:06] INFO  o.s.w.s.m.m.a.RequestMappingHandlerMapping - Mapped "{[/sa/user/user_add],methods=[POST]}" onto public com.integrated.comm.restful.RestfulRes<java.lang.Object> com.integrated.edu.sys.web.sa.SaUserController.add(com.integrated.edu.comm.Ui,com.integrated.edu.comm.sys.sa.SaUser)
[2018-03-13 17:43:06] INFO  o.s.w.s.m.m.a.RequestMappingHandlerMapping - Mapped "{[/sa/user/user_upd_status],methods=[POST]}" onto public com.integrated.comm.restful.RestfulRes<java.lang.Boolean> com.integrated.edu.sys.web.sa.SaUserController.updStatus(com.integrated.edu.comm.Ui,java.lang.String,com.integrated.edu.comm.Status)
[2018-03-13 17:43:06] INFO  o.s.w.s.m.m.a.RequestMappingHandlerMapping - Mapped "{[/sa/user/user_list_by_said],methods=[POST]}" onto public com.integrated.comm.restful.RestfulRes<java.util.List<com.integrated.edu.comm.sys.sa.SaUser>> com.integrated.edu.sys.web.sa.SaUserController.listBySaId(com.integrated.edu.comm.Ui,java.lang.String)
[2018-03-13 17:43:06] INFO  o.s.w.s.m.m.a.RequestMappingHandlerMapping - Mapped "{[/sa/user/user_upd],methods=[POST]}" onto public com.integrated.comm.restful.RestfulRes<java.lang.Boolean> com.integrated.edu.sys.web.sa.SaUserController.upd(com.integrated.edu.comm.Ui,com.integrated.edu.comm.sys.sa.SaUser)
[2018-03-13 17:43:06] INFO  o.s.w.s.m.m.a.RequestMappingHandlerMapping - Mapped "{[/sa/user/user_school_save],methods=[POST]}" onto public com.integrated.comm.restful.RestfulRes<java.lang.Boolean> com.integrated.edu.sys.web.sa.SaUserController.userSchSave(com.integrated.edu.comm.Ui,java.lang.String,java.lang.String)
[2018-03-13 17:43:06] INFO  o.s.w.s.m.m.a.RequestMappingHandlerMapping - Mapped "{[/sa/user/user_school_get],methods=[POST]}" onto public com.integrated.comm.restful.RestfulRes<java.util.List<java.lang.String>> com.integrated.edu.sys.web.sa.SaUserController.userSchGet(com.integrated.edu.comm.Ui,java.lang.String)
[2018-03-13 17:43:06] INFO  o.s.w.s.m.m.a.RequestMappingHandlerMapping - Mapped "{[/sa/user/user_school_lnk_add],methods=[POST]}" onto public com.integrated.comm.restful.RestfulRes<java.lang.Boolean> com.integrated.edu.sys.web.sa.SaUserController.userSchLnkAdd(com.integrated.edu.comm.Ui,java.lang.String)
[2018-03-13 17:43:06] INFO  o.s.w.s.m.m.a.RequestMappingHandlerMapping - Mapped "{[/sa/user/user_school_lnks],methods=[POST]}" onto public com.integrated.comm.restful.RestfulRes<java.util.List<com.integrated.edu.comm.data.broadcast.BcSchool>> com.integrated.edu.sys.web.sa.SaUserController.userSchLnks(com.integrated.edu.comm.Ui)
[2018-03-13 17:43:06] INFO  o.s.w.s.m.m.a.RequestMappingHandlerMapping - Mapped "{[/sa/user/user_area_add],methods=[POST]}" onto public com.integrated.comm.restful.RestfulRes<java.lang.Boolean> com.integrated.edu.sys.web.sa.SaUserController.userAreaAdd(com.integrated.edu.comm.Ui,java.lang.String,java.lang.String)
[2018-03-13 17:43:06] INFO  o.s.w.s.m.m.a.RequestMappingHandlerMapping - Mapped "{[/sa/user/user_list_by_rid],methods=[POST]}" onto public com.integrated.comm.restful.RestfulRes<java.util.List<com.integrated.edu.comm.sys.sa.SaUser>> com.integrated.edu.sys.web.sa.SaUserController.listByRid(com.integrated.edu.comm.Ui,java.lang.String,java.lang.String)
[2018-03-13 17:43:06] INFO  o.s.w.s.m.m.a.RequestMappingHandlerMapping - Mapped "{[/sa/user/user_school_lnk_del],methods=[POST]}" onto public com.integrated.comm.restful.RestfulRes<java.lang.Boolean> com.integrated.edu.sys.web.sa.SaUserController.userSchLnkDel(com.integrated.edu.comm.Ui,java.lang.String)
[2018-03-13 17:43:06] INFO  o.s.w.s.m.m.a.RequestMappingHandlerMapping - Mapped "{[/sa/user/user_by_phone],methods=[POST]}" onto public com.integrated.comm.restful.RestfulRes<com.integrated.edu.comm.sys.sa.SaUser> com.integrated.edu.sys.web.sa.SaUserController.userGetByPhone(com.integrated.edu.comm.Ui,java.lang.String,java.lang.String)
[2018-03-13 17:43:06] INFO  o.s.w.s.m.m.a.RequestMappingHandlerMapping - Mapped "{[/sa/user/user_del],methods=[POST]}" onto public com.integrated.comm.restful.RestfulRes<java.lang.Boolean> com.integrated.edu.sys.web.sa.SaUserController.userDel(com.integrated.edu.comm.Ui,java.lang.String)
[2018-03-13 17:43:06] INFO  o.s.w.s.m.m.a.RequestMappingHandlerMapping - Mapped "{[/sa/user/user_get],methods=[POST]}" onto public com.integrated.comm.restful.RestfulRes<com.integrated.edu.comm.sys.sa.SaUser> com.integrated.edu.sys.web.sa.SaUserController.userGet(com.integrated.edu.comm.Ui,java.lang.String)
[2018-03-13 17:43:06] INFO  o.s.w.s.m.m.a.RequestMappingHandlerMapping - Mapped "{[/sa/user/user_exist],methods=[POST]}" onto public com.integrated.comm.restful.RestfulRes<java.lang.Boolean> com.integrated.edu.sys.web.sa.SaUserController.isExist(com.integrated.edu.comm.Ui,java.lang.String,java.lang.String,java.lang.String)
[2018-03-13 17:43:06] INFO  o.s.w.s.m.m.a.RequestMappingHandlerMapping - Mapped "{[/sa/user/user_profile_save],methods=[POST]}" onto public com.integrated.comm.restful.RestfulRes<java.lang.Object> com.integrated.edu.sys.web.sa.SaUserController.proFileSave(com.integrated.edu.comm.Ui,java.lang.String,java.lang.String,java.lang.String,java.lang.String,java.lang.String)
[2018-03-13 17:43:06] INFO  o.s.w.s.m.m.a.RequestMappingHandlerMapping - Mapped "{[/sa/user/user_paging],methods=[POST]}" onto public com.integrated.comm.restful.RestfulRes<com.integrated.comm.mybatis.Paging> com.integrated.edu.sys.web.sa.SaUserController.userPaging(com.integrated.edu.comm.Ui,javax.servlet.http.HttpServletRequest,java.lang.String,java.lang.String,com.integrated.edu.comm.Status,java.lang.String)
[2018-03-13 17:43:06] INFO  o.s.w.s.m.m.a.RequestMappingHandlerMapping - Mapped "{[/ws/log_get],methods=[POST]}" onto public com.integrated.comm.restful.RestfulRes<com.integrated.edu.comm.sys.ws.WsLog> com.integrated.edu.sys.web.ws.WsController.logGet(com.integrated.edu.comm.Ui,java.lang.String)
[2018-03-13 17:43:06] INFO  o.s.w.s.m.m.a.RequestMappingHandlerMapping - Mapped "{[/ws/log_paging],methods=[POST]}" onto public com.integrated.comm.restful.RestfulRes<com.integrated.comm.mybatis.Paging> com.integrated.edu.sys.web.ws.WsController.logPaging(com.integrated.edu.comm.Ui,javax.servlet.http.HttpServletRequest,int,int,java.lang.String,java.lang.String,java.lang.String,java.lang.String,java.lang.String,java.lang.String,java.lang.String)
[2018-03-13 17:43:06] INFO  o.s.w.s.m.m.a.RequestMappingHandlerMapping - Mapped "{[/ws/service_by_type],methods=[POST]}" onto public com.integrated.comm.restful.RestfulRes<java.util.List<com.integrated.edu.comm.sys.ws.WsServices>> com.integrated.edu.sys.web.ws.WsController.serviceTypeList(com.integrated.edu.comm.Ui,java.lang.String)
[2018-03-13 17:43:06] INFO  o.s.w.s.m.m.a.RequestMappingHandlerMapping - Mapped "{[/ws/service_paging],methods=[POST]}" onto public com.integrated.comm.restful.RestfulRes<com.integrated.comm.mybatis.Paging> com.integrated.edu.sys.web.ws.WsController.servicePaging(com.integrated.edu.comm.Ui,javax.servlet.http.HttpServletRequest,int,int,java.lang.String)
[2018-03-13 17:43:06] INFO  o.s.w.s.m.m.a.RequestMappingHandlerMapping - Mapped "{[/ws/acc_get],methods=[POST]}" onto public com.integrated.comm.restful.RestfulRes<com.integrated.edu.comm.sys.ws.WsAccount> com.integrated.edu.sys.web.ws.WsController.accGet(com.integrated.edu.comm.Ui,java.lang.String,boolean)
[2018-03-13 17:43:06] INFO  o.s.w.s.m.m.a.RequestMappingHandlerMapping - Mapped "{[/ws/acc_list],methods=[POST]}" onto public com.integrated.comm.restful.RestfulRes<java.util.List<com.integrated.edu.comm.sys.ws.WsAccount>> com.integrated.edu.sys.web.ws.WsController.accList()
[2018-03-13 17:43:06] INFO  o.s.w.s.m.m.a.RequestMappingHandlerMapping - Mapped "{[/ws/service_get],methods=[POST]}" onto public com.integrated.comm.restful.RestfulRes<com.integrated.edu.comm.sys.ws.WsServices> com.integrated.edu.sys.web.ws.WsController.serviceGet(com.integrated.edu.comm.Ui,java.lang.String)
[2018-03-13 17:43:06] INFO  o.s.w.s.m.m.a.RequestMappingHandlerMapping - Mapped "{[/ws/acc_paging],methods=[POST]}" onto public com.integrated.comm.restful.RestfulRes<com.integrated.comm.mybatis.Paging> com.integrated.edu.sys.web.ws.WsController.accPaging(com.integrated.edu.comm.Ui,javax.servlet.http.HttpServletRequest,java.lang.String,java.lang.String,java.lang.String)
[2018-03-13 17:43:06] INFO  o.s.w.s.m.m.a.RequestMappingHandlerMapping - Mapped "{[/ws/acc_service_get],methods=[POST]}" onto public com.integrated.comm.restful.RestfulRes<java.util.List<java.lang.String>> com.integrated.edu.sys.web.ws.WsController.accServices(com.integrated.edu.comm.Ui,java.lang.String)
[2018-03-13 17:43:06] INFO  o.s.w.s.m.m.a.RequestMappingHandlerMapping - Mapped "{[/ws/acc_del],methods=[POST]}" onto public com.integrated.comm.restful.RestfulRes<java.lang.Boolean> com.integrated.edu.sys.web.ws.WsController.accDel(com.integrated.edu.comm.Ui,java.lang.String)
[2018-03-13 17:43:06] INFO  o.s.w.s.m.m.a.RequestMappingHandlerMapping - Mapped "{[/ws/acc_add],methods=[POST]}" onto public com.integrated.comm.restful.RestfulRes<java.lang.Boolean> com.integrated.edu.sys.web.ws.WsController.accAdd(com.integrated.edu.comm.Ui,com.integrated.edu.comm.sys.ws.WsAccount)
[2018-03-13 17:43:06] INFO  o.s.w.s.m.m.a.RequestMappingHandlerMapping - Mapped "{[/ws/service_add],methods=[POST]}" onto public com.integrated.comm.restful.RestfulRes<java.lang.Boolean> com.integrated.edu.sys.web.ws.WsController.serviceAdd(com.integrated.edu.comm.Ui,com.integrated.edu.comm.sys.ws.WsServices)
[2018-03-13 17:43:06] INFO  o.s.w.s.m.m.a.RequestMappingHandlerMapping - Mapped "{[/ws/acc_upd],methods=[POST]}" onto public com.integrated.comm.restful.RestfulRes<java.lang.Boolean> com.integrated.edu.sys.web.ws.WsController.accUpd(com.integrated.edu.comm.Ui,com.integrated.edu.comm.sys.ws.WsAccount)
[2018-03-13 17:43:06] INFO  o.s.w.s.m.m.a.RequestMappingHandlerMapping - Mapped "{[/ws/service_del],methods=[POST]}" onto public com.integrated.comm.restful.RestfulRes<java.lang.Boolean> com.integrated.edu.sys.web.ws.WsController.serviceDel(com.integrated.edu.comm.Ui,java.lang.String)
[2018-03-13 17:43:06] INFO  o.s.w.s.m.m.a.RequestMappingHandlerMapping - Mapped "{[/ws/acc_sas_save],methods=[POST]}" onto public com.integrated.comm.restful.RestfulRes<java.lang.Boolean> com.integrated.edu.sys.web.ws.WsController.accSasSave(com.integrated.edu.comm.Ui,java.lang.String,java.lang.String)
[2018-03-13 17:43:06] INFO  o.s.w.s.m.m.a.RequestMappingHandlerMapping - Mapped "{[/ws/service_upd],methods=[POST]}" onto public com.integrated.comm.restful.RestfulRes<java.lang.Boolean> com.integrated.edu.sys.web.ws.WsController.serciceUpd(com.integrated.edu.comm.Ui,com.integrated.edu.comm.sys.ws.WsServices)
[2018-03-13 17:43:06] INFO  o.s.w.s.m.m.a.RequestMappingHandlerMapping - Mapped "{[/ws/acc_schs_save],methods=[POST]}" onto public com.integrated.comm.restful.RestfulRes<java.lang.Boolean> com.integrated.edu.sys.web.ws.WsController.accSchsSave(com.integrated.edu.comm.Ui,java.lang.String,java.lang.String)
[2018-03-13 17:43:06] INFO  o.s.w.s.m.m.a.RequestMappingHandlerMapping - Mapped "{[/ws/acc_service_save],methods=[POST]}" onto public com.integrated.comm.restful.RestfulRes<java.lang.Boolean> com.integrated.edu.sys.web.ws.WsController.accServiceSave(com.integrated.edu.comm.Ui,java.lang.String,java.lang.String)
[2018-03-13 17:43:06] INFO  o.s.w.s.m.m.a.RequestMappingHandlerMapping - Mapped "{[/wx/app_menu],methods=[POST]}" onto public com.integrated.comm.restful.RestfulRes<java.lang.Boolean> com.integrated.edu.sys.web.wx.WxAppController.appMenu(com.integrated.edu.comm.Ui,java.lang.String,java.lang.String)
[2018-03-13 17:43:06] INFO  o.s.w.s.m.m.a.RequestMappingHandlerMapping - Mapped "{[/wx/tms_upd],methods=[POST]}" onto public com.integrated.comm.restful.RestfulRes<java.lang.Boolean> com.integrated.edu.sys.web.wx.WxAppController.tmsUpd(com.integrated.edu.comm.Ui,com.integrated.edu.comm.sys.wx.WxTmpSource)
[2018-03-13 17:43:06] INFO  o.s.w.s.m.m.a.RequestMappingHandlerMapping - Mapped "{[/wx/app_get],methods=[POST]}" onto public com.integrated.comm.restful.RestfulRes<com.integrated.edu.comm.sys.wx.WxApp> com.integrated.edu.sys.web.wx.WxAppController.appGet(com.integrated.edu.comm.Ui,java.lang.String)
[2018-03-13 17:43:06] INFO  o.s.w.s.m.m.a.RequestMappingHandlerMapping - Mapped "{[/wx/tmp_list],methods=[POST]}" onto public com.integrated.comm.restful.RestfulRes<java.util.List<com.integrated.edu.comm.sys.wx.WxTmp>> com.integrated.edu.sys.web.wx.WxAppController.tmpList(com.integrated.edu.comm.Ui,java.lang.String)
[2018-03-13 17:43:06] INFO  o.s.w.s.m.m.a.RequestMappingHandlerMapping - Mapped "{[/wx/tms_add],methods=[POST]}" onto public com.integrated.comm.restful.RestfulRes<java.lang.Boolean> com.integrated.edu.sys.web.wx.WxAppController.tmsAdd(com.integrated.edu.comm.Ui,com.integrated.edu.comm.sys.wx.WxTmpSource)
[2018-03-13 17:43:06] INFO  o.s.w.s.m.m.a.RequestMappingHandlerMapping - Mapped "{[/wx/app_del],methods=[POST]}" onto public com.integrated.comm.restful.RestfulRes<java.lang.Boolean> com.integrated.edu.sys.web.wx.WxAppController.appDel(com.integrated.edu.comm.Ui,java.lang.String)
[2018-03-13 17:43:06] INFO  o.s.w.s.m.m.a.RequestMappingHandlerMapping - Mapped "{[/wx/app_list],methods=[POST]}" onto public com.integrated.comm.restful.RestfulRes<java.util.List<com.integrated.edu.comm.sys.wx.WxApp>> com.integrated.edu.sys.web.wx.WxAppController.appList(com.integrated.edu.comm.Ui,java.lang.String)
[2018-03-13 17:43:06] INFO  o.s.w.s.m.m.a.RequestMappingHandlerMapping - Mapped "{[/wx/app_add],methods=[POST]}" onto public com.integrated.comm.restful.RestfulRes<java.lang.Boolean> com.integrated.edu.sys.web.wx.WxAppController.appAdd(com.integrated.edu.comm.Ui,com.integrated.edu.comm.sys.wx.WxApp)
[2018-03-13 17:43:06] INFO  o.s.w.s.m.m.a.RequestMappingHandlerMapping - Mapped "{[/wx/tmp_add],methods=[POST]}" onto public com.integrated.comm.restful.RestfulRes<java.lang.Boolean> com.integrated.edu.sys.web.wx.WxAppController.tmpAdd(com.integrated.edu.comm.Ui,java.lang.String,java.lang.String)
[2018-03-13 17:43:06] INFO  o.s.w.s.m.m.a.RequestMappingHandlerMapping - Mapped "{[/wx/tms_list],methods=[POST]}" onto public com.integrated.comm.restful.RestfulRes<java.util.List<com.integrated.edu.comm.sys.wx.WxTmpSource>> com.integrated.edu.sys.web.wx.WxAppController.tmsList(com.integrated.edu.comm.Ui)
[2018-03-13 17:43:06] INFO  o.s.w.s.m.m.a.RequestMappingHandlerMapping - Mapped "{[/wx/app_upd],methods=[POST]}" onto public com.integrated.comm.restful.RestfulRes<java.lang.Boolean> com.integrated.edu.sys.web.wx.WxAppController.appUpd(com.integrated.edu.comm.Ui,com.integrated.edu.comm.sys.wx.WxApp)
[2018-03-13 17:43:06] INFO  o.s.w.s.m.m.a.RequestMappingHandlerMapping - Mapped "{[/wx/tms_get],methods=[POST]}" onto public com.integrated.comm.restful.RestfulRes<com.integrated.edu.comm.sys.wx.WxTmpSource> com.integrated.edu.sys.web.wx.WxAppController.tmsGet(com.integrated.edu.comm.Ui,java.lang.String)
[2018-03-13 17:43:06] INFO  o.s.w.s.m.m.a.RequestMappingHandlerMapping - Mapped "{[/wx/tms_del],methods=[POST]}" onto public com.integrated.comm.restful.RestfulRes<java.lang.Boolean> com.integrated.edu.sys.web.wx.WxAppController.tmsDel(com.integrated.edu.comm.Ui,java.lang.String)
[2018-03-13 17:43:06] INFO  o.s.w.s.m.m.a.RequestMappingHandlerMapping - Mapped "{[/swagger-resources/configuration/security]}" onto public org.springframework.http.ResponseEntity<springfox.documentation.swagger.web.SecurityConfiguration> springfox.documentation.swagger.web.ApiResourceController.securityConfiguration()
[2018-03-13 17:43:06] INFO  o.s.w.s.m.m.a.RequestMappingHandlerMapping - Mapped "{[/swagger-resources/configuration/ui]}" onto public org.springframework.http.ResponseEntity<springfox.documentation.swagger.web.UiConfiguration> springfox.documentation.swagger.web.ApiResourceController.uiConfiguration()
[2018-03-13 17:43:06] INFO  o.s.w.s.m.m.a.RequestMappingHandlerMapping - Mapped "{[/swagger-resources]}" onto public org.springframework.http.ResponseEntity<java.util.List<springfox.documentation.swagger.web.SwaggerResource>> springfox.documentation.swagger.web.ApiResourceController.swaggerResources()
[2018-03-13 17:43:06] INFO  o.s.w.s.m.m.a.RequestMappingHandlerMapping - Mapped "{[/error]}" onto public org.springframework.http.ResponseEntity<java.util.Map<java.lang.String, java.lang.Object>> org.springframework.boot.autoconfigure.web.BasicErrorController.error(javax.servlet.http.HttpServletRequest)
[2018-03-13 17:43:06] INFO  o.s.w.s.m.m.a.RequestMappingHandlerMapping - Mapped "{[/error],produces=[text/html]}" onto public org.springframework.web.servlet.ModelAndView org.springframework.boot.autoconfigure.web.BasicErrorController.errorHtml(javax.servlet.http.HttpServletRequest,javax.servlet.http.HttpServletResponse)
[2018-03-13 17:43:06] INFO  o.s.w.s.m.m.a.RequestMappingHandlerAdapter - Looking for @ControllerAdvice: org.springframework.boot.context.embedded.AnnotationConfigEmbeddedWebApplicationContext@5b58ed3c: startup date [Tue Mar 13 17:42:57 CST 2018]; parent: org.springframework.context.annotation.AnnotationConfigApplicationContext@3c7f66c4
[2018-03-13 17:43:06] INFO  s.d.s.w.PropertySourcedRequestMappingHandlerMapping - Mapped URL path [/v2/api-docs] onto method [public org.springframework.http.ResponseEntity<springfox.documentation.spring.web.json.Json> springfox.documentation.swagger2.web.Swagger2Controller.getDocumentation(java.lang.String,javax.servlet.http.HttpServletRequest)]
[2018-03-13 17:43:06] INFO  o.s.web.servlet.handler.SimpleUrlHandlerMapping - Mapped URL path [/favicon.ico] onto handler of type [class org.springframework.web.servlet.resource.ResourceHttpRequestHandler]
[2018-03-13 17:43:06] INFO  o.s.web.servlet.handler.SimpleUrlHandlerMapping - Mapped URL path [/swagger-ui.html] onto handler of type [class org.springframework.web.servlet.resource.ResourceHttpRequestHandler]
[2018-03-13 17:43:06] INFO  o.s.web.servlet.handler.SimpleUrlHandlerMapping - Mapped URL path [/webjars/springfox-swagger-ui/**] onto handler of type [class org.springframework.web.servlet.resource.ResourceHttpRequestHandler]
[2018-03-13 17:43:06] INFO  o.s.w.s.m.m.a.RequestMappingHandlerAdapter - Looking for @ControllerAdvice: org.springframework.boot.context.embedded.AnnotationConfigEmbeddedWebApplicationContext@5b58ed3c: startup date [Tue Mar 13 17:42:57 CST 2018]; parent: org.springframework.context.annotation.AnnotationConfigApplicationContext@3c7f66c4
[2018-03-13 17:43:07] Swagger inited.
[2018-03-13 17:43:07] WARN  com.netflix.config.sources.URLConfigurationSource - No URLs will be polled as dynamic configuration sources.
[2018-03-13 17:43:07] INFO  com.netflix.config.sources.URLConfigurationSource - To enable URLs as dynamic configuration sources, define System property archaius.configurationSource.additionalUrls or make config.properties available on classpath.
[2018-03-13 17:43:07] WARN  com.netflix.config.sources.URLConfigurationSource - No URLs will be polled as dynamic configuration sources.
[2018-03-13 17:43:07] INFO  com.netflix.config.sources.URLConfigurationSource - To enable URLs as dynamic configuration sources, define System property archaius.configurationSource.additionalUrls or make config.properties available on classpath.
[2018-03-13 17:43:08] WARN  o.s.c.s.e.EurekaStarterDeprecationWarningAutoConfiguration - spring-cloud-starter-eureka is deprecated as of Spring Cloud Netflix 1.4.0, please migrate to spring-cloud-starter-netflix-eureka
[2018-03-13 17:43:08] INFO  o.s.jmx.export.annotation.AnnotationMBeanExporter - Registering beans for JMX exposure on startup
[2018-03-13 17:43:08] INFO  o.s.jmx.export.annotation.AnnotationMBeanExporter - Bean with name 'dataSource' has been autodetected for JMX exposure
[2018-03-13 17:43:08] INFO  o.s.jmx.export.annotation.AnnotationMBeanExporter - Bean with name 'environmentManager' has been autodetected for JMX exposure
[2018-03-13 17:43:08] INFO  o.s.jmx.export.annotation.AnnotationMBeanExporter - Bean with name 'configurationPropertiesRebinder' has been autodetected for JMX exposure
[2018-03-13 17:43:08] INFO  o.s.jmx.export.annotation.AnnotationMBeanExporter - Bean with name 'refreshScope' has been autodetected for JMX exposure
[2018-03-13 17:43:08] INFO  o.s.jmx.export.annotation.AnnotationMBeanExporter - Located managed bean 'environmentManager': registering with JMX server as MBean [org.springframework.cloud.context.environment:name=environmentManager,type=EnvironmentManager]
[2018-03-13 17:43:08] INFO  o.s.jmx.export.annotation.AnnotationMBeanExporter - Located managed bean 'refreshScope': registering with JMX server as MBean [org.springframework.cloud.context.scope.refresh:name=refreshScope,type=RefreshScope]
[2018-03-13 17:43:08] INFO  o.s.jmx.export.annotation.AnnotationMBeanExporter - Located managed bean 'configurationPropertiesRebinder': registering with JMX server as MBean [org.springframework.cloud.context.properties:name=configurationPropertiesRebinder,context=5b58ed3c,type=ConfigurationPropertiesRebinder]
[2018-03-13 17:43:08] INFO  o.s.jmx.export.annotation.AnnotationMBeanExporter - Located MBean 'dataSource': registering with JMX server as MBean [com.alibaba.druid.pool:name=dataSource,type=DruidDataSource]
[2018-03-13 17:43:09] INFO  o.s.context.support.DefaultLifecycleProcessor - Starting beans in phase 0
[2018-03-13 17:43:09] INFO  o.s.cloud.netflix.eureka.InstanceInfoFactory - Setting initial instance status as: STARTING
[2018-03-13 17:43:09] INFO  com.netflix.discovery.DiscoveryClient - Initializing Eureka in region us-east-1
[2018-03-13 17:43:09] INFO  c.n.discovery.provider.DiscoveryJerseyProvider - Using JSON encoding codec LegacyJacksonJson
[2018-03-13 17:43:09] INFO  c.n.discovery.provider.DiscoveryJerseyProvider - Using JSON decoding codec LegacyJacksonJson
[2018-03-13 17:43:09] INFO  c.n.discovery.provider.DiscoveryJerseyProvider - Using XML encoding codec XStreamXml
[2018-03-13 17:43:09] INFO  c.n.discovery.provider.DiscoveryJerseyProvider - Using XML decoding codec XStreamXml
[2018-03-13 17:43:09] INFO  c.n.d.shared.resolver.aws.ConfigClusterResolver - Resolving eureka endpoints via configuration
[2018-03-13 17:43:10] INFO  com.netflix.discovery.DiscoveryClient - Disable delta property : false
[2018-03-13 17:43:10] INFO  com.netflix.discovery.DiscoveryClient - Single vip registry refresh property : null
[2018-03-13 17:43:10] INFO  com.netflix.discovery.DiscoveryClient - Force full registry fetch : false
[2018-03-13 17:43:10] INFO  com.netflix.discovery.DiscoveryClient - Application is null : false
[2018-03-13 17:43:10] INFO  com.netflix.discovery.DiscoveryClient - Registered Applications size is zero : true
[2018-03-13 17:43:10] INFO  com.netflix.discovery.DiscoveryClient - Application version is -1: true
[2018-03-13 17:43:10] INFO  com.netflix.discovery.DiscoveryClient - Getting all instance registry info from the eureka server
[2018-03-13 17:43:10] INFO  com.netflix.discovery.DiscoveryClient - The response status is 200
[2018-03-13 17:43:10] INFO  com.netflix.discovery.DiscoveryClient - Starting heartbeat executor: renew interval is: 30
[2018-03-13 17:43:10] INFO  com.netflix.discovery.InstanceInfoReplicator - InstanceInfoReplicator onDemand update allowed rate per min is 4
[2018-03-13 17:43:10] INFO  com.netflix.discovery.DiscoveryClient - Discovery Client initialized at timestamp 1520934190627 with initial instances count: 1
[2018-03-13 17:43:10] INFO  o.s.c.n.e.serviceregistry.EurekaServiceRegistry - Registering application sv-sys with eureka with status UP
[2018-03-13 17:43:10] INFO  com.netflix.discovery.DiscoveryClient - Saw local status change event StatusChangeEvent [timestamp=1520934190640, current=UP, previous=STARTING]
[2018-03-13 17:43:10] INFO  com.netflix.discovery.DiscoveryClient - DiscoveryClient_SV-SYS/10.86.76.140:sv-sys:8001: registering service...
[2018-03-13 17:43:10] INFO  o.s.context.support.DefaultLifecycleProcessor - Starting beans in phase 2147483647
[2018-03-13 17:43:10] INFO  s.d.s.web.plugins.DocumentationPluginsBootstrapper - Context refreshed
[2018-03-13 17:43:10] INFO  s.d.s.web.plugins.DocumentationPluginsBootstrapper - Found 1 custom documentation plugin(s)
[2018-03-13 17:43:10] INFO  com.netflix.discovery.DiscoveryClient - DiscoveryClient_SV-SYS/10.86.76.140:sv-sys:8001 - registration status: 204
[2018-03-13 17:43:10] INFO  s.d.spring.web.scanners.ApiListingReferenceScanner - Scanning for api listing references
[2018-03-13 17:43:11] WARN  s.d.s.w.readers.parameter.ParameterDataTypeReader - Trying to infer dataType com.integrated.edu.comm.sys.imp.ImpType
[2018-03-13 17:43:11] INFO  s.d.s.w.r.operation.CachingOperationNameGenerator - Generating unique operation named: addUsingPOST_1
[2018-03-13 17:43:11] WARN  s.d.s.w.readers.parameter.ParameterDataTypeReader - Trying to infer dataType com.integrated.edu.comm.sys.imp.ImpType
[2018-03-13 17:43:11] WARN  s.d.s.w.readers.parameter.ParameterDataTypeReader - Trying to infer dataType com.integrated.edu.comm.sys.imp.ImpType
[2018-03-13 17:43:11] INFO  s.d.s.w.r.operation.CachingOperationNameGenerator - Generating unique operation named: getUsingPOST_1
[2018-03-13 17:43:11] WARN  s.d.s.w.readers.parameter.ParameterDataTypeReader - Trying to infer dataType com.integrated.edu.comm.sys.imp.ImpType
[2018-03-13 17:43:11] INFO  s.d.s.w.r.operation.CachingOperationNameGenerator - Generating unique operation named: updUsingPOST_1
[2018-03-13 17:43:11] INFO  s.d.s.w.r.operation.CachingOperationNameGenerator - Generating unique operation named: addUsingPOST_2
[2018-03-13 17:43:11] INFO  s.d.s.w.r.operation.CachingOperationNameGenerator - Generating unique operation named: delUsingPOST_1
[2018-03-13 17:43:11] INFO  s.d.s.w.r.operation.CachingOperationNameGenerator - Generating unique operation named: getUsingPOST_2
[2018-03-13 17:43:11] INFO  s.d.s.w.r.operation.CachingOperationNameGenerator - Generating unique operation named: listUsingPOST_1
[2018-03-13 17:43:11] INFO  s.d.s.w.r.operation.CachingOperationNameGenerator - Generating unique operation named: updUsingPOST_2
[2018-03-13 17:43:11] INFO  s.d.s.w.r.operation.CachingOperationNameGenerator - Generating unique operation named: addUsingPOST_3
[2018-03-13 17:43:11] INFO  s.d.s.w.r.operation.CachingOperationNameGenerator - Generating unique operation named: delUsingPOST_2
[2018-03-13 17:43:11] INFO  s.d.s.w.r.operation.CachingOperationNameGenerator - Generating unique operation named: funcSaveUsingPOST_1
[2018-03-13 17:43:11] INFO  s.d.s.w.r.operation.CachingOperationNameGenerator - Generating unique operation named: funcsUsingPOST_1
[2018-03-13 17:43:11] INFO  s.d.s.w.r.operation.CachingOperationNameGenerator - Generating unique operation named: getUsingPOST_3
[2018-03-13 17:43:11] INFO  s.d.s.w.r.operation.CachingOperationNameGenerator - Generating unique operation named: pagingUsingPOST_1
[2018-03-13 17:43:11] INFO  s.d.s.w.r.operation.CachingOperationNameGenerator - Generating unique operation named: updUsingPOST_3
[2018-03-13 17:43:11] INFO  s.d.s.w.r.operation.CachingOperationNameGenerator - Generating unique operation named: addUsingPOST_4
[2018-03-13 17:43:11] INFO  s.d.s.w.r.operation.CachingOperationNameGenerator - Generating unique operation named: updUsingPOST_4
[2018-03-13 17:43:11] WARN  s.d.s.w.readers.parameter.ParameterDataTypeReader - Trying to infer dataType com.integrated.edu.comm.Status
[2018-03-13 17:43:11] WARN  s.d.s.w.readers.parameter.ParameterDataTypeReader - Trying to infer dataType com.integrated.edu.comm.Status
[2018-03-13 17:43:11] INFO  o.s.s.a.ScheduledAnnotationBeanPostProcessor - No TaskScheduler/ScheduledExecutorService bean found for scheduled processing
[2018-03-13 17:43:11] INFO  org.apache.coyote.http11.Http11NioProtocol - Initializing ProtocolHandler ["http-nio-8001"]
[2018-03-13 17:43:11] INFO  org.apache.coyote.http11.Http11NioProtocol - Starting ProtocolHandler ["http-nio-8001"]
[2018-03-13 17:43:11] INFO  org.apache.tomcat.util.net.NioSelectorPool - Using a shared selector for servlet write/read
[2018-03-13 17:43:11] INFO  o.s.b.c.e.tomcat.TomcatEmbeddedServletContainer - Tomcat started on port(s): 8001 (http)
[2018-03-13 17:43:11] INFO  o.s.c.n.e.s.EurekaAutoServiceRegistration - Updating port to 8001
[2018-03-13 17:43:11] INFO  com.integrated.edu.Application - Started Application in 17.499 seconds (JVM running for 18.204)
[2018-03-13 17:43:41] INFO  c.i.e.comm.cloud.schedule.impl.ScheduleServiceImpl - Cloud schedule active “10.86.76.140:sv-sys”.
[2018-03-13 17:44:06] INFO  o.a.c.core.ContainerBase.[Tomcat].[localhost].[/] - Initializing Spring FrameworkServlet 'dispatcherServlet'
[2018-03-13 17:44:06] INFO  org.springframework.web.servlet.DispatcherServlet - FrameworkServlet 'dispatcherServlet': initialization started
[2018-03-13 17:44:06] INFO  org.springframework.web.servlet.DispatcherServlet - FrameworkServlet 'dispatcherServlet': initialization completed in 98 ms
[2018-03-13 17:44:06] URL: http://127.0.0.1:8001/pub/func_list
[2018-03-13 17:44:08] INFO  com.alibaba.druid.pool.DruidDataSource - {dataSource-1} inited
[2018-03-13 17:44:08] SQL: select id as "id", name as "name", menu as "menu", url as "url", url_p as "urlP", url_target as "urlTarget", sort as "sort", pid as "pid", readonly as "readonly" from sys_func order by pid asc,sort asc
[2018-03-13 17:44:09] ERROR com.integrated.edu.comm.restful.sv.SvExHandler - MVC exception, uri:/pub/func_list, handler:com.integrated.edu.sys.web.sa.LoginController#funcList[1 args], 你的主机中的软件中止了一个已建立的连接。
[2018-03-13 17:44:10] URL: http://127.0.0.1:8001/pub/func_list
[2018-03-13 17:44:10] SQL: select id as "id", name as "name", menu as "menu", url as "url", url_p as "urlP", url_target as "urlTarget", sort as "sort", pid as "pid", readonly as "readonly" from sys_func order by pid asc,sort asc
[2018-03-13 17:44:11] INFO  c.i.e.comm.cloud.schedule.impl.ScheduleServiceImpl - Cloud schedule active “10.86.76.140:sv-sys”.
[2018-03-13 17:44:13] URL: http://127.0.0.1:8001/pub/func_list
[2018-03-13 17:44:13] SQL: select id as "id", name as "name", menu as "menu", url as "url", url_p as "urlP", url_target as "urlTarget", sort as "sort", pid as "pid", readonly as "readonly" from sys_func order by pid asc,sort asc
[2018-03-13 17:44:41] INFO  c.i.e.comm.cloud.schedule.impl.ScheduleServiceImpl - Cloud schedule active “10.86.76.140:sv-sys”.
[2018-03-13 17:44:55] URL: http://127.0.0.1:8001/pub/login?phone=13800138000&pwd=123456
[2018-03-13 17:44:55] SQL: select u.id as "id", u.name as "name", u.email as "email", u.phone as "phone", u.pwd as "pwd", u.status as "status", u.remark as "remark", u.ut as "ut", u.sa_adm as "saAdm", r.id as "roleId", r.name as "roleName", s.id as "saId", s.name as "saName" from sa_user u inner join sa_role r on u.role_id = r.id inner join sa s on u.sa_id = s.id where u.phone = ? ## arg:13800138000
[2018-03-13 17:44:55] SQL: select f.id as "id", f.name as "name", f.menu as "menu", f.url as "url", f.url_p as "urlP", f.url_target as "urlTarget", f.sort as "sort", f.pid as "pid", f.readonly as "readonly" from sa_role_func rf inner join sys_func f on rf.func_id = f.id where rf.role_id = ? order by f.pid asc, f.sort asc, f.id asc ## arg:{rid=00012017082110441039037076102478, param1=00012017082110441039037076102478}
[2018-03-13 17:44:56] INFO  o.s.c.a.AnnotationConfigApplicationContext - Refreshing org.springframework.context.annotation.AnnotationConfigApplicationContext@7e922efc: startup date [Tue Mar 13 17:44:56 CST 2018]; parent: org.springframework.boot.context.embedded.AnnotationConfigEmbeddedWebApplicationContext@5b58ed3c
[2018-03-13 17:44:56] INFO  o.s.b.f.a.AutowiredAnnotationBeanPostProcessor - JSR-330 'javax.inject.Inject' annotation found and supported for autowiring
[2018-03-13 17:44:56] INFO  com.netflix.config.ChainedDynamicProperty - Flipping property: sv-data.ribbon.ActiveConnectionsLimit to use NEXT property: niws.loadbalancer.availabilityFilteringRule.activeConnectionsLimit = 2147483647
[2018-03-13 17:44:56] INFO  com.netflix.util.concurrent.ShutdownEnabledTimer - Shutdown hook installed for: NFLoadBalancer-PingTimer-sv-data
[2018-03-13 17:44:56] INFO  com.netflix.loadbalancer.BaseLoadBalancer - Client: sv-data instantiated a LoadBalancer: DynamicServerListLoadBalancer:{NFLoadBalancer:name=sv-data,current list of Servers=[],Load balancer stats=Zone stats: {},Server stats: []}ServerList:null
[2018-03-13 17:44:56] INFO  c.n.loadbalancer.DynamicServerListLoadBalancer - Using serverListUpdater PollingServerListUpdater
[2018-03-13 17:44:56] INFO  com.netflix.config.ChainedDynamicProperty - Flipping property: sv-data.ribbon.ActiveConnectionsLimit to use NEXT property: niws.loadbalancer.availabilityFilteringRule.activeConnectionsLimit = 2147483647
[2018-03-13 17:44:56] INFO  c.n.loadbalancer.DynamicServerListLoadBalancer - DynamicServerListLoadBalancer for client sv-data initialized: DynamicServerListLoadBalancer:{NFLoadBalancer:name=sv-data,current list of Servers=[127.0.0.1:8002],Load balancer stats=Zone stats: {defaultzone=[Zone:defaultzone;	Instance count:1;	Active connections count: 0;	Circuit breaker tripped count: 0;	Active connections per server: 0.0;]
},Server stats: [[Server:127.0.0.1:8002;	Zone:defaultZone;	Total Requests:0;	Successive connection failure:0;	Total blackout seconds:0;	Last connection made:Thu Jan 01 08:00:00 CST 1970;	First connection made: Thu Jan 01 08:00:00 CST 1970;	Active Connections:0;	total failure count in last (1000) msecs:0;	average resp time:0.0;	90 percentile resp time:0.0;	95 percentile resp time:0.0;	min resp time:0.0;	max resp time:0.0;	stddev resp time:0.0]
]}ServerList:org.springframework.cloud.netflix.ribbon.eureka.DomainExtractingServerList@5ff72265
[2018-03-13 17:44:57] ERROR com.integrated.edu.comm.restful.sv.SvExHandler - MVC exception, uri:/pub/login, handler:com.integrated.edu.sys.web.sa.LoginController#login[2 args], 你的主机中的软件中止了一个已建立的连接。
[2018-03-13 17:44:57] INFO  com.netflix.config.ChainedDynamicProperty - Flipping property: sv-data.ribbon.ActiveConnectionsLimit to use NEXT property: niws.loadbalancer.availabilityFilteringRule.activeConnectionsLimit = 2147483647
[2018-03-13 17:44:58] URL: http://127.0.0.1:8001/pub/login?phone=13800138000&pwd=123456
[2018-03-13 17:44:58] SQL: select u.id as "id", u.name as "name", u.email as "email", u.phone as "phone", u.pwd as "pwd", u.status as "status", u.remark as "remark", u.ut as "ut", u.sa_adm as "saAdm", r.id as "roleId", r.name as "roleName", s.id as "saId", s.name as "saName" from sa_user u inner join sa_role r on u.role_id = r.id inner join sa s on u.sa_id = s.id where u.phone = ? ## arg:13800138000
[2018-03-13 17:44:58] SQL: select f.id as "id", f.name as "name", f.menu as "menu", f.url as "url", f.url_p as "urlP", f.url_target as "urlTarget", f.sort as "sort", f.pid as "pid", f.readonly as "readonly" from sa_role_func rf inner join sys_func f on rf.func_id = f.id where rf.role_id = ? order by f.pid asc, f.sort asc, f.id asc ## arg:{rid=00012017082110441039037076102478, param1=00012017082110441039037076102478}
[2018-03-13 17:45:00] URL: http://127.0.0.1:8001/pub/func_list
[2018-03-13 17:45:00] SQL: select id as "id", name as "name", menu as "menu", url as "url", url_p as "urlP", url_target as "urlTarget", sort as "sort", pid as "pid", readonly as "readonly" from sys_func order by pid asc,sort asc
[2018-03-13 17:45:11] INFO  c.i.e.comm.cloud.schedule.impl.ScheduleServiceImpl - Cloud schedule active “10.86.76.140:sv-sys”.
[2018-03-13 17:45:14] URL: http://127.0.0.1:8001/area/json
[2018-03-13 17:45:16] URL: http://127.0.0.1:8001/sa/user/user_get?id=00012018010309543384780649411303
[2018-03-13 17:45:16] SQL: select u.id as "id", u.name as "name", u.email as "email", u.phone as "phone", u.pwd as "pwd", u.sa_id as "saId", u.sa_adm as "saAdm", u.role_id as "roleId", u.status as "status", u.remark as "remark", u.ut as "ut", r.name as "roleName" from sa_user u inner join sa_role r on u.role_id = r.id where u.id = ? ## arg:00012018010309543384780649411303
[2018-03-13 17:45:23] URL: http://127.0.0.1:8001/sa/user/user_get?id=00012018010309543384780649411303
[2018-03-13 17:45:23] SQL: select u.id as "id", u.name as "name", u.email as "email", u.phone as "phone", u.pwd as "pwd", u.sa_id as "saId", u.sa_adm as "saAdm", u.role_id as "roleId", u.status as "status", u.remark as "remark", u.ut as "ut", r.name as "roleName" from sa_user u inner join sa_role r on u.role_id = r.id where u.id = ? ## arg:00012018010309543384780649411303
[2018-03-13 17:45:41] INFO  c.i.e.comm.cloud.schedule.impl.ScheduleServiceImpl - Cloud schedule active “10.86.76.140:sv-sys”.
[2018-03-13 17:46:11] INFO  c.i.e.comm.cloud.schedule.impl.ScheduleServiceImpl - Cloud schedule active “10.86.76.140:sv-sys”.
[2018-03-13 17:46:41] INFO  c.i.e.comm.cloud.schedule.impl.ScheduleServiceImpl - Cloud schedule active “10.86.76.140:sv-sys”.
[2018-03-13 17:47:11] INFO  c.i.e.comm.cloud.schedule.impl.ScheduleServiceImpl - Cloud schedule active “10.86.76.140:sv-sys”.
[2018-03-13 17:47:41] INFO  c.i.e.comm.cloud.schedule.impl.ScheduleServiceImpl - Cloud schedule active “10.86.76.140:sv-sys”.
[2018-03-13 17:48:10] INFO  c.n.d.shared.resolver.aws.ConfigClusterResolver - Resolving eureka endpoints via configuration
[2018-03-13 17:48:11] INFO  c.i.e.comm.cloud.schedule.impl.ScheduleServiceImpl - Cloud schedule active “10.86.76.140:sv-sys”.
[2018-03-13 17:48:41] INFO  c.i.e.comm.cloud.schedule.impl.ScheduleServiceImpl - Cloud schedule active “10.86.76.140:sv-sys”.
[2018-03-13 17:49:11] INFO  c.i.e.comm.cloud.schedule.impl.ScheduleServiceImpl - Cloud schedule active “10.86.76.140:sv-sys”.
[2018-03-13 17:49:41] INFO  c.i.e.comm.cloud.schedule.impl.ScheduleServiceImpl - Cloud schedule active “10.86.76.140:sv-sys”.
[2018-03-13 17:50:11] INFO  c.i.e.comm.cloud.schedule.impl.ScheduleServiceImpl - Cloud schedule active “10.86.76.140:sv-sys”.
[2018-03-13 17:50:41] INFO  c.i.e.comm.cloud.schedule.impl.ScheduleServiceImpl - Cloud schedule active “10.86.76.140:sv-sys”.
[2018-03-13 17:51:11] INFO  c.i.e.comm.cloud.schedule.impl.ScheduleServiceImpl - Cloud schedule active “10.86.76.140:sv-sys”.
[2018-03-13 17:51:41] INFO  c.i.e.comm.cloud.schedule.impl.ScheduleServiceImpl - Cloud schedule active “10.86.76.140:sv-sys”.
[2018-03-13 17:52:11] INFO  c.i.e.comm.cloud.schedule.impl.ScheduleServiceImpl - Cloud schedule active “10.86.76.140:sv-sys”.
[2018-03-13 17:52:41] INFO  c.i.e.comm.cloud.schedule.impl.ScheduleServiceImpl - Cloud schedule active “10.86.76.140:sv-sys”.
[2018-03-13 17:53:10] INFO  c.n.d.shared.resolver.aws.ConfigClusterResolver - Resolving eureka endpoints via configuration
[2018-03-13 17:53:11] INFO  c.i.e.comm.cloud.schedule.impl.ScheduleServiceImpl - Cloud schedule active “10.86.76.140:sv-sys”.
[2018-03-13 17:53:41] INFO  c.i.e.comm.cloud.schedule.impl.ScheduleServiceImpl - Cloud schedule active “10.86.76.140:sv-sys”.
[2018-03-13 17:54:12] INFO  c.i.e.comm.cloud.schedule.impl.ScheduleServiceImpl - Cloud schedule active “10.86.76.140:sv-sys”.
[2018-03-13 17:54:42] INFO  c.i.e.comm.cloud.schedule.impl.ScheduleServiceImpl - Cloud schedule active “10.86.76.140:sv-sys”.
[2018-03-13 17:55:12] INFO  c.i.e.comm.cloud.schedule.impl.ScheduleServiceImpl - Cloud schedule active “10.86.76.140:sv-sys”.
[2018-03-13 17:55:42] INFO  c.i.e.comm.cloud.schedule.impl.ScheduleServiceImpl - Cloud schedule active “10.86.76.140:sv-sys”.
[2018-03-13 17:56:12] INFO  c.i.e.comm.cloud.schedule.impl.ScheduleServiceImpl - Cloud schedule active “10.86.76.140:sv-sys”.
[2018-03-13 17:56:42] INFO  c.i.e.comm.cloud.schedule.impl.ScheduleServiceImpl - Cloud schedule active “10.86.76.140:sv-sys”.
[2018-03-13 17:57:12] INFO  c.i.e.comm.cloud.schedule.impl.ScheduleServiceImpl - Cloud schedule active “10.86.76.140:sv-sys”.
[2018-03-13 17:57:42] INFO  c.i.e.comm.cloud.schedule.impl.ScheduleServiceImpl - Cloud schedule active “10.86.76.140:sv-sys”.
[2018-03-13 17:58:10] INFO  c.n.d.shared.resolver.aws.ConfigClusterResolver - Resolving eureka endpoints via configuration
[2018-03-13 17:58:12] INFO  c.i.e.comm.cloud.schedule.impl.ScheduleServiceImpl - Cloud schedule active “10.86.76.140:sv-sys”.
[2018-03-13 17:58:42] INFO  c.i.e.comm.cloud.schedule.impl.ScheduleServiceImpl - Cloud schedule active “10.86.76.140:sv-sys”.
[2018-03-13 17:59:12] INFO  c.i.e.comm.cloud.schedule.impl.ScheduleServiceImpl - Cloud schedule active “10.86.76.140:sv-sys”.
[2018-03-13 17:59:42] INFO  c.i.e.comm.cloud.schedule.impl.ScheduleServiceImpl - Cloud schedule active “10.86.76.140:sv-sys”.
[2018-03-13 18:00:12] INFO  c.i.e.comm.cloud.schedule.impl.ScheduleServiceImpl - Cloud schedule active “10.86.76.140:sv-sys”.
[2018-03-13 18:00:42] INFO  c.i.e.comm.cloud.schedule.impl.ScheduleServiceImpl - Cloud schedule active “10.86.76.140:sv-sys”.
[2018-03-13 18:01:12] INFO  c.i.e.comm.cloud.schedule.impl.ScheduleServiceImpl - Cloud schedule active “10.86.76.140:sv-sys”.
[2018-03-13 18:01:42] INFO  c.i.e.comm.cloud.schedule.impl.ScheduleServiceImpl - Cloud schedule active “10.86.76.140:sv-sys”.
[2018-03-13 18:02:12] INFO  c.i.e.comm.cloud.schedule.impl.ScheduleServiceImpl - Cloud schedule active “10.86.76.140:sv-sys”.
[2018-03-13 18:02:42] INFO  c.i.e.comm.cloud.schedule.impl.ScheduleServiceImpl - Cloud schedule active “10.86.76.140:sv-sys”.
[2018-03-13 18:03:10] INFO  c.n.d.shared.resolver.aws.ConfigClusterResolver - Resolving eureka endpoints via configuration
[2018-03-13 18:03:12] INFO  c.i.e.comm.cloud.schedule.impl.ScheduleServiceImpl - Cloud schedule active “10.86.76.140:sv-sys”.
[2018-03-13 18:03:42] INFO  c.i.e.comm.cloud.schedule.impl.ScheduleServiceImpl - Cloud schedule active “10.86.76.140:sv-sys”.
[2018-03-13 18:04:12] INFO  c.i.e.comm.cloud.schedule.impl.ScheduleServiceImpl - Cloud schedule active “10.86.76.140:sv-sys”.
[2018-03-13 18:04:42] INFO  c.i.e.comm.cloud.schedule.impl.ScheduleServiceImpl - Cloud schedule active “10.86.76.140:sv-sys”.
[2018-03-13 18:05:12] INFO  c.i.e.comm.cloud.schedule.impl.ScheduleServiceImpl - Cloud schedule active “10.86.76.140:sv-sys”.
[2018-03-13 18:05:42] INFO  c.i.e.comm.cloud.schedule.impl.ScheduleServiceImpl - Cloud schedule active “10.86.76.140:sv-sys”.
[2018-03-13 18:06:12] INFO  c.i.e.comm.cloud.schedule.impl.ScheduleServiceImpl - Cloud schedule active “10.86.76.140:sv-sys”.
[2018-03-13 18:06:42] INFO  c.i.e.comm.cloud.schedule.impl.ScheduleServiceImpl - Cloud schedule active “10.86.76.140:sv-sys”.
[2018-03-13 18:07:12] INFO  c.i.e.comm.cloud.schedule.impl.ScheduleServiceImpl - Cloud schedule active “10.86.76.140:sv-sys”.
[2018-03-13 18:07:42] INFO  c.i.e.comm.cloud.schedule.impl.ScheduleServiceImpl - Cloud schedule active “10.86.76.140:sv-sys”.
[2018-03-13 18:08:10] INFO  c.n.d.shared.resolver.aws.ConfigClusterResolver - Resolving eureka endpoints via configuration
[2018-03-13 18:08:12] INFO  c.i.e.comm.cloud.schedule.impl.ScheduleServiceImpl - Cloud schedule active “10.86.76.140:sv-sys”.
[2018-03-13 18:08:42] INFO  c.i.e.comm.cloud.schedule.impl.ScheduleServiceImpl - Cloud schedule active “10.86.76.140:sv-sys”.
[2018-03-13 18:09:12] INFO  c.i.e.comm.cloud.schedule.impl.ScheduleServiceImpl - Cloud schedule active “10.86.76.140:sv-sys”.
[2018-03-13 18:09:42] INFO  c.i.e.comm.cloud.schedule.impl.ScheduleServiceImpl - Cloud schedule active “10.86.76.140:sv-sys”.
[2018-03-13 18:10:12] INFO  c.i.e.comm.cloud.schedule.impl.ScheduleServiceImpl - Cloud schedule active “10.86.76.140:sv-sys”.
[2018-03-13 18:10:42] INFO  c.i.e.comm.cloud.schedule.impl.ScheduleServiceImpl - Cloud schedule active “10.86.76.140:sv-sys”.
[2018-03-13 18:11:12] INFO  c.i.e.comm.cloud.schedule.impl.ScheduleServiceImpl - Cloud schedule active “10.86.76.140:sv-sys”.
[2018-03-13 18:11:42] INFO  c.i.e.comm.cloud.schedule.impl.ScheduleServiceImpl - Cloud schedule active “10.86.76.140:sv-sys”.
[2018-03-13 18:12:12] INFO  c.i.e.comm.cloud.schedule.impl.ScheduleServiceImpl - Cloud schedule active “10.86.76.140:sv-sys”.
[2018-03-13 18:12:42] INFO  c.i.e.comm.cloud.schedule.impl.ScheduleServiceImpl - Cloud schedule active “10.86.76.140:sv-sys”.
[2018-03-13 18:13:10] INFO  c.n.d.shared.resolver.aws.ConfigClusterResolver - Resolving eureka endpoints via configuration
